This is pdfTeX, Version 3.141592653-2.6-1.40.22 (TeX Live 2022/dev/Debian) (preloaded format=pdflatex 2022.10.28)  28 OCT 2022 17:42
entering extended mode
 \write18 enabled.
 %&-line parsing enabled.
**Challenges_28_10_2022.tex
(./Challenges_28_10_2022.tex
LaTeX2e <2021-11-15> patch level 1
L3 programming layer <2022-01-21>
(/usr/share/texlive/texmf-dist/tex/latex/base/article.cls
Document Class: article 2021/10/04 v1.4n Standard LaTeX document class
(/usr/share/texlive/texmf-dist/tex/latex/base/size11.clo
File: size11.clo 2021/10/04 v1.4n Standard LaTeX file (size option)
)
\c@part=\count185
\c@section=\count186
\c@subsection=\count187
\c@subsubsection=\count188
\c@paragraph=\count189
\c@subparagraph=\count190
\c@figure=\count191
\c@table=\count192
\abovecaptionskip=\skip47
\belowcaptionskip=\skip48
\bibindent=\dimen138
)
(/usr/share/texlive/texmf-dist/tex/latex/bbm-macros/bbm.sty
Package: bbm 1999/03/15 V 1.2 provides fonts for set symbols - TH
LaTeX Font Info:    Overwriting math alphabet `\mathbbm' in version `bold'
(Font)                  U/bbm/m/n --> U/bbm/bx/n on input line 33.
LaTeX Font Info:    Overwriting math alphabet `\mathbbmss' in version `bold'
(Font)                  U/bbmss/m/n --> U/bbmss/bx/n on input line 35.
)
(/usr/share/texlive/texmf-dist/tex/latex/algorithmicx/algorithmicx.sty
Package: algorithmicx 2005/04/27 v1.2 Algorithmicx

(/usr/share/texlive/texmf-dist/tex/latex/base/ifthen.sty
Package: ifthen 2020/11/24 v1.1c Standard LaTeX ifthen package (DPC)
)
Document Style algorithmicx 1.2 - a greatly improved `algorithmic' style
\c@ALG@line=\count193
\c@ALG@rem=\count194
\c@ALG@nested=\count195
\ALG@tlm=\skip49
\ALG@thistlm=\skip50
\c@ALG@Lnr=\count196
\c@ALG@blocknr=\count197
\c@ALG@storecount=\count198
\c@ALG@tmpcounter=\count199
\ALG@tmplength=\skip51
) (./jmlr2e.sty
Document Style `jmlr'.
(/usr/share/texlive/texmf-dist/tex/latex/graphics/epsfig.sty
Package: epsfig 2017/06/25 v1.7b (e)psfig emulation (SPQR)

(/usr/share/texlive/texmf-dist/tex/latex/graphics/graphicx.sty
Package: graphicx 2021/09/16 v1.2d Enhanced LaTeX Graphics (DPC,SPQR)

(/usr/share/texlive/texmf-dist/tex/latex/graphics/keyval.sty
Package: keyval 2014/10/28 v1.15 key=value parser (DPC)
\KV@toks@=\toks16
)
(/usr/share/texlive/texmf-dist/tex/latex/graphics/graphics.sty
Package: graphics 2021/03/04 v1.4d Standard LaTeX Graphics (DPC,SPQR)

(/usr/share/texlive/texmf-dist/tex/latex/graphics/trig.sty
Package: trig 2021/08/11 v1.11 sin cos tan (DPC)
)
(/usr/share/texlive/texmf-dist/tex/latex/graphics-cfg/graphics.cfg
File: graphics.cfg 2016/06/04 v1.11 sample graphics configuration
)
Package graphics Info: Driver file: pdftex.def on input line 107.

(/usr/share/texlive/texmf-dist/tex/latex/graphics-def/pdftex.def
File: pdftex.def 2020/10/05 v1.2a Graphics/color driver for pdftex
))
\Gin@req@height=\dimen139
\Gin@req@width=\dimen140
)
\epsfxsize=\dimen141
\epsfysize=\dimen142
)
(/usr/share/texlive/texmf-dist/tex/latex/amsfonts/amssymb.sty
Package: amssymb 2013/01/14 v3.01 AMS font symbols

(/usr/share/texlive/texmf-dist/tex/latex/amsfonts/amsfonts.sty
Package: amsfonts 2013/01/14 v3.01 Basic AMSFonts support
\@emptytoks=\toks17
\symAMSa=\mathgroup4
\symAMSb=\mathgroup5
LaTeX Font Info:    Redeclaring math symbol \hbar on input line 98.
LaTeX Font Info:    Overwriting math alphabet `\mathfrak' in version `bold'
(Font)                  U/euf/m/n --> U/euf/b/n on input line 106.
))
(/usr/share/texlive/texmf-dist/tex/latex/natbib/natbib.sty
Package: natbib 2010/09/13 8.31b (PWD, AO)
\bibhang=\skip52
\bibsep=\skip53
LaTeX Info: Redefining \cite on input line 694.
\c@NAT@ctr=\count266
)
(/usr/share/texlive/texmf-dist/tex/latex/hyperref/hyperref.sty
Package: hyperref 2021-06-07 v7.00m Hypertext links for LaTeX

(/usr/share/texlive/texmf-dist/tex/generic/ltxcmds/ltxcmds.sty
Package: ltxcmds 2020-05-10 v1.25 LaTeX kernel commands for general use (HO)
)
(/usr/share/texlive/texmf-dist/tex/generic/iftex/iftex.sty
Package: iftex 2020/03/06 v1.0d TeX engine tests
)
(/usr/share/texlive/texmf-dist/tex/generic/pdftexcmds/pdftexcmds.sty
Package: pdftexcmds 2020-06-27 v0.33 Utility functions of pdfTeX for LuaTeX (HO
)

(/usr/share/texlive/texmf-dist/tex/generic/infwarerr/infwarerr.sty
Package: infwarerr 2019/12/03 v1.5 Providing info/warning/error messages (HO)
)
Package pdftexcmds Info: \pdf@primitive is available.
Package pdftexcmds Info: \pdf@ifprimitive is available.
Package pdftexcmds Info: \pdfdraftmode found.
)
(/usr/share/texlive/texmf-dist/tex/generic/kvsetkeys/kvsetkeys.sty
Package: kvsetkeys 2019/12/15 v1.18 Key value parser (HO)
)
(/usr/share/texlive/texmf-dist/tex/generic/kvdefinekeys/kvdefinekeys.sty
Package: kvdefinekeys 2019-12-19 v1.6 Define keys (HO)
)
(/usr/share/texlive/texmf-dist/tex/generic/pdfescape/pdfescape.sty
Package: pdfescape 2019/12/09 v1.15 Implements pdfTeX's escape features (HO)
)
(/usr/share/texlive/texmf-dist/tex/latex/hycolor/hycolor.sty
Package: hycolor 2020-01-27 v1.10 Color options for hyperref/bookmark (HO)
)
(/usr/share/texlive/texmf-dist/tex/latex/letltxmacro/letltxmacro.sty
Package: letltxmacro 2019/12/03 v1.6 Let assignment for LaTeX macros (HO)
)
(/usr/share/texlive/texmf-dist/tex/latex/auxhook/auxhook.sty
Package: auxhook 2019-12-17 v1.6 Hooks for auxiliary files (HO)
)
(/usr/share/texlive/texmf-dist/tex/latex/kvoptions/kvoptions.sty
Package: kvoptions 2020-10-07 v3.14 Key value format for package options (HO)
)
\@linkdim=\dimen143
\Hy@linkcounter=\count267
\Hy@pagecounter=\count268

(/usr/share/texlive/texmf-dist/tex/latex/hyperref/pd1enc.def
File: pd1enc.def 2021-06-07 v7.00m Hyperref: PDFDocEncoding definition (HO)
Now handling font encoding PD1 ...
... no UTF-8 mapping file for font encoding PD1
)
(/usr/share/texlive/texmf-dist/tex/latex/hyperref/hyperref-langpatches.def
File: hyperref-langpatches.def 2021-06-07 v7.00m Hyperref: patches for babel la
nguages
)
(/usr/share/texlive/texmf-dist/tex/generic/intcalc/intcalc.sty
Package: intcalc 2019/12/15 v1.3 Expandable calculations with integers (HO)
)
(/usr/share/texlive/texmf-dist/tex/generic/etexcmds/etexcmds.sty
Package: etexcmds 2019/12/15 v1.7 Avoid name clashes with e-TeX commands (HO)
)
\Hy@SavedSpaceFactor=\count269

(/usr/share/texlive/texmf-dist/tex/latex/hyperref/puenc.def
File: puenc.def 2021-06-07 v7.00m Hyperref: PDF Unicode definition (HO)
Now handling font encoding PU ...
... no UTF-8 mapping file for font encoding PU
)
Package hyperref Info: Option `colorlinks' set `false' on input line 4073.
Package hyperref Info: Hyper figures OFF on input line 4192.
Package hyperref Info: Link nesting OFF on input line 4197.
Package hyperref Info: Hyper index ON on input line 4200.
Package hyperref Info: Plain pages OFF on input line 4207.
Package hyperref Info: Backreferencing OFF on input line 4212.
Package hyperref Info: Implicit mode ON; LaTeX internals redefined.
Package hyperref Info: Bookmarks ON on input line 4445.
\c@Hy@tempcnt=\count270

(/usr/share/texlive/texmf-dist/tex/latex/url/url.sty
\Urlmuskip=\muskip16
Package: url 2013/09/16  ver 3.4  Verb mode for urls, etc.
)
LaTeX Info: Redefining \url on input line 4804.
\XeTeXLinkMargin=\dimen144

(/usr/share/texlive/texmf-dist/tex/generic/bitset/bitset.sty
Package: bitset 2019/12/09 v1.3 Handle bit-vector datatype (HO)

(/usr/share/texlive/texmf-dist/tex/generic/bigintcalc/bigintcalc.sty
Package: bigintcalc 2019/12/15 v1.5 Expandable calculations on big integers (HO
)
))
\Fld@menulength=\count271
\Field@Width=\dimen145
\Fld@charsize=\dimen146
Package hyperref Info: Hyper figures OFF on input line 6076.
Package hyperref Info: Link nesting OFF on input line 6081.
Package hyperref Info: Hyper index ON on input line 6084.
Package hyperref Info: backreferencing OFF on input line 6091.
Package hyperref Info: Link coloring OFF on input line 6096.
Package hyperref Info: Link coloring with OCG OFF on input line 6101.
Package hyperref Info: PDF/A mode OFF on input line 6106.
LaTeX Info: Redefining \ref on input line 6146.
LaTeX Info: Redefining \pageref on input line 6150.

(/usr/share/texlive/texmf-dist/tex/latex/base/atbegshi-ltx.sty
Package: atbegshi-ltx 2021/01/10 v1.0c Emulation of the original atbegshi
package with kernel methods
)
\Hy@abspage=\count272
\c@Item=\count273
\c@Hfootnote=\count274
)
Package hyperref Info: Driver (autodetected): hpdftex.

(/usr/share/texlive/texmf-dist/tex/latex/hyperref/hpdftex.def
File: hpdftex.def 2021-06-07 v7.00m Hyperref driver for pdfTeX

(/usr/share/texlive/texmf-dist/tex/latex/base/atveryend-ltx.sty
Package: atveryend-ltx 2020/08/19 v1.0a Emulation of the original atveryend pac
kage
with kernel methods
)
\Fld@listcount=\count275
\c@bookmark@seq@number=\count276

(/usr/share/texlive/texmf-dist/tex/latex/rerunfilecheck/rerunfilecheck.sty
Package: rerunfilecheck 2019/12/05 v1.9 Rerun checks for auxiliary files (HO)

(/usr/share/texlive/texmf-dist/tex/generic/uniquecounter/uniquecounter.sty
Package: uniquecounter 2019/12/15 v1.4 Provide unlimited unique counter (HO)
)
Package uniquecounter Info: New unique counter `rerunfilecheck' on input line 2
86.
)
\Hy@SectionHShift=\skip54
)
\aftertitskip=\skip55
\beforetitskip=\skip56
\interauthorskip=\skip57
\aftermaketitskip=\skip58
\c@example=\count277
\c@theorem=\count278
)
(/usr/share/texlive/texmf-dist/tex/latex/amsmath/amsmath.sty
Package: amsmath 2021/10/15 v2.17l AMS math features
\@mathmargin=\skip59

For additional information on amsmath, use the `?' option.
(/usr/share/texlive/texmf-dist/tex/latex/amsmath/amstext.sty
Package: amstext 2021/08/26 v2.01 AMS text

(/usr/share/texlive/texmf-dist/tex/latex/amsmath/amsgen.sty
File: amsgen.sty 1999/11/30 v2.0 generic functions
\@emptytoks=\toks18
\ex@=\dimen147
))
(/usr/share/texlive/texmf-dist/tex/latex/amsmath/amsbsy.sty
Package: amsbsy 1999/11/29 v1.2d Bold Symbols
\pmbraise@=\dimen148
)
(/usr/share/texlive/texmf-dist/tex/latex/amsmath/amsopn.sty
Package: amsopn 2021/08/26 v2.02 operator names
)
\inf@bad=\count279
LaTeX Info: Redefining \frac on input line 234.
\uproot@=\count280
\leftroot@=\count281
LaTeX Info: Redefining \overline on input line 399.
\classnum@=\count282
\DOTSCASE@=\count283
LaTeX Info: Redefining \ldots on input line 496.
LaTeX Info: Redefining \dots on input line 499.
LaTeX Info: Redefining \cdots on input line 620.
\Mathstrutbox@=\box50
\strutbox@=\box51
\big@size=\dimen149
LaTeX Font Info:    Redeclaring font encoding OML on input line 743.
LaTeX Font Info:    Redeclaring font encoding OMS on input line 744.
\macc@depth=\count284
\c@MaxMatrixCols=\count285
\dotsspace@=\muskip17
\c@parentequation=\count286
\dspbrk@lvl=\count287
\tag@help=\toks19
\row@=\count288
\column@=\count289
\maxfields@=\count290
\andhelp@=\toks20
\eqnshift@=\dimen150
\alignsep@=\dimen151
\tagshift@=\dimen152
\tagwidth@=\dimen153
\totwidth@=\dimen154
\lineht@=\dimen155
\@envbody=\toks21
\multlinegap=\skip60
\multlinetaggap=\skip61
\mathdisplay@stack=\toks22
LaTeX Info: Redefining \[ on input line 2938.
LaTeX Info: Redefining \] on input line 2939.
)
(/usr/share/texlive/texmf-dist/tex/latex/xcolor/xcolor.sty
Package: xcolor 2021/10/31 v2.13 LaTeX color extensions (UK)

(/usr/share/texlive/texmf-dist/tex/latex/graphics-cfg/color.cfg
File: color.cfg 2016/01/02 v1.6 sample color configuration
)
Package xcolor Info: Driver file: pdftex.def on input line 227.
Package xcolor Info: Model `cmy' substituted by `cmy0' on input line 1352.
Package xcolor Info: Model `hsb' substituted by `rgb' on input line 1356.
Package xcolor Info: Model `RGB' extended on input line 1368.
Package xcolor Info: Model `HTML' substituted by `rgb' on input line 1370.
Package xcolor Info: Model `Hsb' substituted by `hsb' on input line 1371.
Package xcolor Info: Model `tHsb' substituted by `hsb' on input line 1372.
Package xcolor Info: Model `HSB' substituted by `hsb' on input line 1373.
Package xcolor Info: Model `Gray' substituted by `gray' on input line 1374.
Package xcolor Info: Model `wave' substituted by `hsb' on input line 1375.
)
(/usr/share/texlive/texmf-dist/tex/latex/tools/bm.sty
Package: bm 2021/04/25 v1.2e Bold Symbol Support (DPC/FMi)
\symboldoperators=\mathgroup6
\symboldletters=\mathgroup7
\symboldsymbols=\mathgroup8
Package bm Info: No bold for \OMX/cmex/m/n, using \pmb.
Package bm Info: No bold for \U/msa/m/n, using \pmb.
Package bm Info: No bold for \U/msb/m/n, using \pmb.
LaTeX Font Info:    Redeclaring math alphabet \mathbf on input line 149.
)
(/usr/share/texlive/texmf-dist/tex/latex/pgf/frontendlayer/tikz.sty
(/usr/share/texlive/texmf-dist/tex/latex/pgf/basiclayer/pgf.sty
(/usr/share/texlive/texmf-dist/tex/latex/pgf/utilities/pgfrcs.sty
(/usr/share/texlive/texmf-dist/tex/generic/pgf/utilities/pgfutil-common.tex
\pgfutil@everybye=\toks23
\pgfutil@tempdima=\dimen156
\pgfutil@tempdimb=\dimen157

(/usr/share/texlive/texmf-dist/tex/generic/pgf/utilities/pgfutil-common-lists.t
ex)) (/usr/share/texlive/texmf-dist/tex/generic/pgf/utilities/pgfutil-latex.def
\pgfutil@abb=\box52
) (/usr/share/texlive/texmf-dist/tex/generic/pgf/utilities/pgfrcs.code.tex
(/usr/share/texlive/texmf-dist/tex/generic/pgf/pgf.revision.tex)
Package: pgfrcs 2021/05/15 v3.1.9a (3.1.9a)
))
Package: pgf 2021/05/15 v3.1.9a (3.1.9a)

(/usr/share/texlive/texmf-dist/tex/latex/pgf/basiclayer/pgfcore.sty
(/usr/share/texlive/texmf-dist/tex/latex/pgf/systemlayer/pgfsys.sty
(/usr/share/texlive/texmf-dist/tex/generic/pgf/systemlayer/pgfsys.code.tex
Package: pgfsys 2021/05/15 v3.1.9a (3.1.9a)

(/usr/share/texlive/texmf-dist/tex/generic/pgf/utilities/pgfkeys.code.tex
\pgfkeys@pathtoks=\toks24
\pgfkeys@temptoks=\toks25

(/usr/share/texlive/texmf-dist/tex/generic/pgf/utilities/pgfkeysfiltered.code.t
ex
\pgfkeys@tmptoks=\toks26
))
\pgf@x=\dimen158
\pgf@y=\dimen159
\pgf@xa=\dimen160
\pgf@ya=\dimen161
\pgf@xb=\dimen162
\pgf@yb=\dimen163
\pgf@xc=\dimen164
\pgf@yc=\dimen165
\pgf@xd=\dimen166
\pgf@yd=\dimen167
\w@pgf@writea=\write3
\r@pgf@reada=\read2
\c@pgf@counta=\count291
\c@pgf@countb=\count292
\c@pgf@countc=\count293
\c@pgf@countd=\count294
\t@pgf@toka=\toks27
\t@pgf@tokb=\toks28
\t@pgf@tokc=\toks29
\pgf@sys@id@count=\count295
 (/usr/share/texlive/texmf-dist/tex/generic/pgf/systemlayer/pgf.cfg
File: pgf.cfg 2021/05/15 v3.1.9a (3.1.9a)
)
Driver file for pgf: pgfsys-pdftex.def

(/usr/share/texlive/texmf-dist/tex/generic/pgf/systemlayer/pgfsys-pdftex.def
File: pgfsys-pdftex.def 2021/05/15 v3.1.9a (3.1.9a)

(/usr/share/texlive/texmf-dist/tex/generic/pgf/systemlayer/pgfsys-common-pdf.de
f
File: pgfsys-common-pdf.def 2021/05/15 v3.1.9a (3.1.9a)
)))
(/usr/share/texlive/texmf-dist/tex/generic/pgf/systemlayer/pgfsyssoftpath.code.
tex
File: pgfsyssoftpath.code.tex 2021/05/15 v3.1.9a (3.1.9a)
\pgfsyssoftpath@smallbuffer@items=\count296
\pgfsyssoftpath@bigbuffer@items=\count297
)
(/usr/share/texlive/texmf-dist/tex/generic/pgf/systemlayer/pgfsysprotocol.code.
tex
File: pgfsysprotocol.code.tex 2021/05/15 v3.1.9a (3.1.9a)
))
(/usr/share/texlive/texmf-dist/tex/generic/pgf/basiclayer/pgfcore.code.tex
Package: pgfcore 2021/05/15 v3.1.9a (3.1.9a)

(/usr/share/texlive/texmf-dist/tex/generic/pgf/math/pgfmath.code.tex
(/usr/share/texlive/texmf-dist/tex/generic/pgf/math/pgfmathcalc.code.tex
(/usr/share/texlive/texmf-dist/tex/generic/pgf/math/pgfmathutil.code.tex)
(/usr/share/texlive/texmf-dist/tex/generic/pgf/math/pgfmathparser.code.tex
\pgfmath@dimen=\dimen168
\pgfmath@count=\count298
\pgfmath@box=\box53
\pgfmath@toks=\toks30
\pgfmath@stack@operand=\toks31
\pgfmath@stack@operation=\toks32
)
(/usr/share/texlive/texmf-dist/tex/generic/pgf/math/pgfmathfunctions.code.tex
(/usr/share/texlive/texmf-dist/tex/generic/pgf/math/pgfmathfunctions.basic.code
.tex)
(/usr/share/texlive/texmf-dist/tex/generic/pgf/math/pgfmathfunctions.trigonomet
ric.code.tex)
(/usr/share/texlive/texmf-dist/tex/generic/pgf/math/pgfmathfunctions.random.cod
e.tex)
(/usr/share/texlive/texmf-dist/tex/generic/pgf/math/pgfmathfunctions.comparison
.code.tex)
(/usr/share/texlive/texmf-dist/tex/generic/pgf/math/pgfmathfunctions.base.code.
tex)
(/usr/share/texlive/texmf-dist/tex/generic/pgf/math/pgfmathfunctions.round.code
.tex)
(/usr/share/texlive/texmf-dist/tex/generic/pgf/math/pgfmathfunctions.misc.code.
tex)
(/usr/share/texlive/texmf-dist/tex/generic/pgf/math/pgfmathfunctions.integerari
thmetics.code.tex)))
(/usr/share/texlive/texmf-dist/tex/generic/pgf/math/pgfmathfloat.code.tex
\c@pgfmathroundto@lastzeros=\count299
))
(/usr/share/texlive/texmf-dist/tex/generic/pgf/math/pgfint.code.tex)
(/usr/share/texlive/texmf-dist/tex/generic/pgf/basiclayer/pgfcorepoints.code.te
x
File: pgfcorepoints.code.tex 2021/05/15 v3.1.9a (3.1.9a)
\pgf@picminx=\dimen169
\pgf@picmaxx=\dimen170
\pgf@picminy=\dimen171
\pgf@picmaxy=\dimen172
\pgf@pathminx=\dimen173
\pgf@pathmaxx=\dimen174
\pgf@pathminy=\dimen175
\pgf@pathmaxy=\dimen176
\pgf@xx=\dimen177
\pgf@xy=\dimen178
\pgf@yx=\dimen179
\pgf@yy=\dimen180
\pgf@zx=\dimen181
\pgf@zy=\dimen182
)
(/usr/share/texlive/texmf-dist/tex/generic/pgf/basiclayer/pgfcorepathconstruct.
code.tex
File: pgfcorepathconstruct.code.tex 2021/05/15 v3.1.9a (3.1.9a)
\pgf@path@lastx=\dimen183
\pgf@path@lasty=\dimen184
)
(/usr/share/texlive/texmf-dist/tex/generic/pgf/basiclayer/pgfcorepathusage.code
.tex
File: pgfcorepathusage.code.tex 2021/05/15 v3.1.9a (3.1.9a)
\pgf@shorten@end@additional=\dimen185
\pgf@shorten@start@additional=\dimen186
)
(/usr/share/texlive/texmf-dist/tex/generic/pgf/basiclayer/pgfcorescopes.code.te
x
File: pgfcorescopes.code.tex 2021/05/15 v3.1.9a (3.1.9a)
\pgfpic=\box54
\pgf@hbox=\box55
\pgf@layerbox@main=\box56
\pgf@picture@serial@count=\count300
)
(/usr/share/texlive/texmf-dist/tex/generic/pgf/basiclayer/pgfcoregraphicstate.c
ode.tex
File: pgfcoregraphicstate.code.tex 2021/05/15 v3.1.9a (3.1.9a)
\pgflinewidth=\dimen187
)
(/usr/share/texlive/texmf-dist/tex/generic/pgf/basiclayer/pgfcoretransformation
s.code.tex
File: pgfcoretransformations.code.tex 2021/05/15 v3.1.9a (3.1.9a)
\pgf@pt@x=\dimen188
\pgf@pt@y=\dimen189
\pgf@pt@temp=\dimen190
)
(/usr/share/texlive/texmf-dist/tex/generic/pgf/basiclayer/pgfcorequick.code.tex
File: pgfcorequick.code.tex 2021/05/15 v3.1.9a (3.1.9a)
)
(/usr/share/texlive/texmf-dist/tex/generic/pgf/basiclayer/pgfcoreobjects.code.t
ex
File: pgfcoreobjects.code.tex 2021/05/15 v3.1.9a (3.1.9a)
)
(/usr/share/texlive/texmf-dist/tex/generic/pgf/basiclayer/pgfcorepathprocessing
.code.tex
File: pgfcorepathprocessing.code.tex 2021/05/15 v3.1.9a (3.1.9a)
)
(/usr/share/texlive/texmf-dist/tex/generic/pgf/basiclayer/pgfcorearrows.code.te
x
File: pgfcorearrows.code.tex 2021/05/15 v3.1.9a (3.1.9a)
\pgfarrowsep=\dimen191
)
(/usr/share/texlive/texmf-dist/tex/generic/pgf/basiclayer/pgfcoreshade.code.tex
File: pgfcoreshade.code.tex 2021/05/15 v3.1.9a (3.1.9a)
\pgf@max=\dimen192
\pgf@sys@shading@range@num=\count301
\pgf@shadingcount=\count302
)
(/usr/share/texlive/texmf-dist/tex/generic/pgf/basiclayer/pgfcoreimage.code.tex
File: pgfcoreimage.code.tex 2021/05/15 v3.1.9a (3.1.9a)

(/usr/share/texlive/texmf-dist/tex/generic/pgf/basiclayer/pgfcoreexternal.code.
tex
File: pgfcoreexternal.code.tex 2021/05/15 v3.1.9a (3.1.9a)
\pgfexternal@startupbox=\box57
))
(/usr/share/texlive/texmf-dist/tex/generic/pgf/basiclayer/pgfcorelayers.code.te
x
File: pgfcorelayers.code.tex 2021/05/15 v3.1.9a (3.1.9a)
)
(/usr/share/texlive/texmf-dist/tex/generic/pgf/basiclayer/pgfcoretransparency.c
ode.tex
File: pgfcoretransparency.code.tex 2021/05/15 v3.1.9a (3.1.9a)
)
(/usr/share/texlive/texmf-dist/tex/generic/pgf/basiclayer/pgfcorepatterns.code.
tex
File: pgfcorepatterns.code.tex 2021/05/15 v3.1.9a (3.1.9a)
)
(/usr/share/texlive/texmf-dist/tex/generic/pgf/basiclayer/pgfcorerdf.code.tex
File: pgfcorerdf.code.tex 2021/05/15 v3.1.9a (3.1.9a)
)))
(/usr/share/texlive/texmf-dist/tex/generic/pgf/modules/pgfmoduleshapes.code.tex
File: pgfmoduleshapes.code.tex 2021/05/15 v3.1.9a (3.1.9a)
\pgfnodeparttextbox=\box58
) (/usr/share/texlive/texmf-dist/tex/generic/pgf/modules/pgfmoduleplot.code.tex
File: pgfmoduleplot.code.tex 2021/05/15 v3.1.9a (3.1.9a)
)
(/usr/share/texlive/texmf-dist/tex/latex/pgf/compatibility/pgfcomp-version-0-65
.sty
Package: pgfcomp-version-0-65 2021/05/15 v3.1.9a (3.1.9a)
\pgf@nodesepstart=\dimen193
\pgf@nodesepend=\dimen194
)
(/usr/share/texlive/texmf-dist/tex/latex/pgf/compatibility/pgfcomp-version-1-18
.sty
Package: pgfcomp-version-1-18 2021/05/15 v3.1.9a (3.1.9a)
)) (/usr/share/texlive/texmf-dist/tex/latex/pgf/utilities/pgffor.sty
(/usr/share/texlive/texmf-dist/tex/latex/pgf/utilities/pgfkeys.sty
(/usr/share/texlive/texmf-dist/tex/generic/pgf/utilities/pgfkeys.code.tex))
(/usr/share/texlive/texmf-dist/tex/latex/pgf/math/pgfmath.sty
(/usr/share/texlive/texmf-dist/tex/generic/pgf/math/pgfmath.code.tex))
(/usr/share/texlive/texmf-dist/tex/generic/pgf/utilities/pgffor.code.tex
Package: pgffor 2021/05/15 v3.1.9a (3.1.9a)

(/usr/share/texlive/texmf-dist/tex/generic/pgf/math/pgfmath.code.tex)
\pgffor@iter=\dimen195
\pgffor@skip=\dimen196
\pgffor@stack=\toks33
\pgffor@toks=\toks34
))
(/usr/share/texlive/texmf-dist/tex/generic/pgf/frontendlayer/tikz/tikz.code.tex
Package: tikz 2021/05/15 v3.1.9a (3.1.9a)

(/usr/share/texlive/texmf-dist/tex/generic/pgf/libraries/pgflibraryplothandlers
.code.tex
File: pgflibraryplothandlers.code.tex 2021/05/15 v3.1.9a (3.1.9a)
\pgf@plot@mark@count=\count303
\pgfplotmarksize=\dimen197
)
\tikz@lastx=\dimen198
\tikz@lasty=\dimen199
\tikz@lastxsaved=\dimen256
\tikz@lastysaved=\dimen257
\tikz@lastmovetox=\dimen258
\tikz@lastmovetoy=\dimen259
\tikzleveldistance=\dimen260
\tikzsiblingdistance=\dimen261
\tikz@figbox=\box59
\tikz@figbox@bg=\box60
\tikz@tempbox=\box61
\tikz@tempbox@bg=\box62
\tikztreelevel=\count304
\tikznumberofchildren=\count305
\tikznumberofcurrentchild=\count306
\tikz@fig@count=\count307

(/usr/share/texlive/texmf-dist/tex/generic/pgf/modules/pgfmodulematrix.code.tex
File: pgfmodulematrix.code.tex 2021/05/15 v3.1.9a (3.1.9a)
\pgfmatrixcurrentrow=\count308
\pgfmatrixcurrentcolumn=\count309
\pgf@matrix@numberofcolumns=\count310
)
\tikz@expandcount=\count311

(/usr/share/texlive/texmf-dist/tex/generic/pgf/frontendlayer/tikz/libraries/tik
zlibrarytopaths.code.tex
File: tikzlibrarytopaths.code.tex 2021/05/15 v3.1.9a (3.1.9a)
)))
(/usr/share/texlive/texmf-dist/tex/latex/tikz-bayesnet/tikzlibrarybayesnet.code
.tex
(/usr/share/texlive/texmf-dist/tex/generic/pgf/frontendlayer/tikz/libraries/tik
zlibraryshapes.code.tex
File: tikzlibraryshapes.code.tex 2021/05/15 v3.1.9a (3.1.9a)

(/usr/share/texlive/texmf-dist/tex/generic/pgf/frontendlayer/tikz/libraries/tik
zlibraryshapes.geometric.code.tex
File: tikzlibraryshapes.geometric.code.tex 2021/05/15 v3.1.9a (3.1.9a)

(/usr/share/texlive/texmf-dist/tex/generic/pgf/libraries/shapes/pgflibraryshape
s.geometric.code.tex
File: pgflibraryshapes.geometric.code.tex 2021/05/15 v3.1.9a (3.1.9a)
))
(/usr/share/texlive/texmf-dist/tex/generic/pgf/frontendlayer/tikz/libraries/tik
zlibraryshapes.misc.code.tex
File: tikzlibraryshapes.misc.code.tex 2021/05/15 v3.1.9a (3.1.9a)

(/usr/share/texlive/texmf-dist/tex/generic/pgf/libraries/shapes/pgflibraryshape
s.misc.code.tex
File: pgflibraryshapes.misc.code.tex 2021/05/15 v3.1.9a (3.1.9a)
))
(/usr/share/texlive/texmf-dist/tex/generic/pgf/frontendlayer/tikz/libraries/tik
zlibraryshapes.symbols.code.tex
File: tikzlibraryshapes.symbols.code.tex 2021/05/15 v3.1.9a (3.1.9a)

(/usr/share/texlive/texmf-dist/tex/generic/pgf/libraries/shapes/pgflibraryshape
s.symbols.code.tex
File: pgflibraryshapes.symbols.code.tex 2021/05/15 v3.1.9a (3.1.9a)
))
(/usr/share/texlive/texmf-dist/tex/generic/pgf/frontendlayer/tikz/libraries/tik
zlibraryshapes.arrows.code.tex
File: tikzlibraryshapes.arrows.code.tex 2021/05/15 v3.1.9a (3.1.9a)

(/usr/share/texlive/texmf-dist/tex/generic/pgf/libraries/shapes/pgflibraryshape
s.arrows.code.tex
File: pgflibraryshapes.arrows.code.tex 2021/05/15 v3.1.9a (3.1.9a)
))
(/usr/share/texlive/texmf-dist/tex/generic/pgf/frontendlayer/tikz/libraries/tik
zlibraryshapes.callouts.code.tex
(/usr/share/texlive/texmf-dist/tex/generic/pgf/libraries/shapes/pgflibraryshape
s.callouts.code.tex))
(/usr/share/texlive/texmf-dist/tex/generic/pgf/frontendlayer/tikz/libraries/tik
zlibraryshapes.multipart.code.tex
File: tikzlibraryshapes.multipart.code.tex 2021/05/15 v3.1.9a (3.1.9a)

(/usr/share/texlive/texmf-dist/tex/generic/pgf/libraries/shapes/pgflibraryshape
s.multipart.code.tex
File: pgflibraryshapes.multipart.code.tex 2021/05/15 v3.1.9a (3.1.9a)
\pgfnodepartlowerbox=\box63
\pgfnodeparttwobox=\box64
\pgfnodepartthreebox=\box65
\pgfnodepartfourbox=\box66
\pgfnodeparttwentybox=\box67
\pgfnodepartnineteenbox=\box68
\pgfnodeparteighteenbox=\box69
\pgfnodepartseventeenbox=\box70
\pgfnodepartsixteenbox=\box71
\pgfnodepartfifteenbox=\box72
\pgfnodepartfourteenbox=\box73
\pgfnodepartthirteenbox=\box74
\pgfnodeparttwelvebox=\box75
\pgfnodepartelevenbox=\box76
\pgfnodeparttenbox=\box77
\pgfnodepartninebox=\box78
\pgfnodeparteightbox=\box79
\pgfnodepartsevenbox=\box80
\pgfnodepartsixbox=\box81
\pgfnodepartfivebox=\box82
)))
(/usr/share/texlive/texmf-dist/tex/generic/pgf/frontendlayer/tikz/libraries/tik
zlibraryfit.code.tex
File: tikzlibraryfit.code.tex 2021/05/15 v3.1.9a (3.1.9a)
)
(/usr/share/texlive/texmf-dist/tex/generic/pgf/frontendlayer/tikz/libraries/tik
zlibrarychains.code.tex
File: tikzlibrarychains.code.tex 2021/05/15 v3.1.9a (3.1.9a)

(/usr/share/texlive/texmf-dist/tex/generic/pgf/frontendlayer/tikz/libraries/tik
zlibrarypositioning.code.tex
File: tikzlibrarypositioning.code.tex 2021/05/15 v3.1.9a (3.1.9a)
))
(/usr/share/texlive/texmf-dist/tex/generic/pgf/frontendlayer/tikz/libraries/tik
zlibraryarrows.code.tex
File: tikzlibraryarrows.code.tex 2021/05/15 v3.1.9a (3.1.9a)

(/usr/share/texlive/texmf-dist/tex/generic/pgf/libraries/pgflibraryarrows.code.
tex
File: pgflibraryarrows.code.tex 2021/05/15 v3.1.9a (3.1.9a)
\arrowsize=\dimen262
))) (/usr/share/texlive/texmf-dist/tex/latex/caption/subcaption.sty
Package: subcaption 2020/10/07 v1.3j Sub-captions (AR)

(/usr/share/texlive/texmf-dist/tex/latex/caption/caption.sty
Package: caption 2020/10/26 v3.5g Customizing captions (AR)

(/usr/share/texlive/texmf-dist/tex/latex/caption/caption3.sty
Package: caption3 2020/10/21 v2.2e caption3 kernel (AR)
\captionmargin=\dimen263
\captionmargin@=\dimen264
\captionwidth=\dimen265
\caption@tempdima=\dimen266
\caption@indent=\dimen267
\caption@parindent=\dimen268
\caption@hangindent=\dimen269
Package caption Info: Unknown document class (or package),
(caption)             standard defaults will be used.
Package caption Info: \@makecaption = \long macro:#1#2-> \vskip 10pt \setbox \@
tempboxa \hbox {#1: #2} \ifdim \wd \@tempboxa >\hsize \begin {list}{#1:}{ \sett
owidth {\labelwidth }{#1:} \setlength {\leftmargin }{\labelwidth } \addtolength
 {\leftmargin }{\labelsep } }\item #2 \end {list}\par \else \hbox to\hsize {\hf
il \box \@tempboxa \hfil } \fi  on input line 1139.
)

Package caption Warning: Unknown document class (or package),
(caption)                standard defaults will be used.
See the caption package documentation for explanation.

\c@caption@flags=\count312
\c@continuedfloat=\count313
Package caption Info: hyperref package is loaded.
)
\c@subfigure=\count314
\c@subtable=\count315
) (/usr/share/texlive/texmf-dist/tex/latex/float/float.sty
Package: float 2001/11/08 v1.3d Float enhancements (AL)
\c@float@type=\count316
\float@exts=\toks35
\float@box=\box83
\@float@everytoks=\toks36
\@floatcapt=\box84
)
(/usr/share/texlive/texmf-dist/tex/latex/stackengine/stackengine.sty
Package: stackengine 2021/07/22 v4.11\ Stacking text and objects in convenient 
ways

(/usr/share/texlive/texmf-dist/tex/latex/etoolbox/etoolbox.sty
Package: etoolbox 2020/10/05 v2.5k e-TeX tools for LaTeX (JAW)
\etb@tempcnta=\count317
)
(/usr/share/texlive/texmf-dist/tex/generic/listofitems/listofitems.sty
(/usr/share/texlive/texmf-dist/tex/generic/listofitems/listofitems.tex
\loi_cnt_foreach_nest=\count318
\loi_nestcnt=\count319
)
Package: listofitems 2019/08/21 v1.63 Grab items in lists using user-specified 
sep char (CT)
)
(/usr/share/texlive/texmf-dist/tex/latex/tools/calc.sty
Package: calc 2017/05/25 v4.3 Infix arithmetic (KKT,FJ)
\calc@Acount=\count320
\calc@Bcount=\count321
\calc@Adimen=\dimen270
\calc@Bdimen=\dimen271
\calc@Askip=\skip62
\calc@Bskip=\skip63
LaTeX Info: Redefining \setlength on input line 80.
LaTeX Info: Redefining \addtolength on input line 81.
\calc@Ccount=\count322
\calc@Cskip=\skip64
)
\c@@stackindex=\count323
\@boxshift=\skip65
\stack@tmplength=\skip66
\temp@stkl=\skip67
\@stackedboxwidth=\skip68
\@addedbox=\box85
\@anchorbox=\box86
\@insetbox=\box87
\se@backgroundbox=\box88
\stackedbox=\box89
\@centerbox=\box90
\c@ROWcellindex@=\count324
)
(/usr/share/texlive/texmf-dist/tex/latex/minted/minted.sty
Package: minted 2021/12/24 v2.6 Yet another Pygments shim for LaTeX

(/usr/share/texlive/texmf-dist/tex/latex/fvextra/fvextra.sty
Package: fvextra 2019/02/04 v1.4 fvextra - extensions and patches for fancyvrb

(/usr/share/texlive/texmf-dist/tex/latex/fancyvrb/fancyvrb.sty
Package: fancyvrb 2021/12/21 4.1b verbatim text (tvz,hv)
\FV@CodeLineNo=\count325
\FV@InFile=\read3
\FV@TabBox=\box91
\c@FancyVerbLine=\count326
\FV@StepNumber=\count327
\FV@OutFile=\write4
)
(/usr/share/texlive/texmf-dist/tex/latex/upquote/upquote.sty
Package: upquote 2012/04/19 v1.3 upright-quote and grave-accent glyphs in verba
tim
)
(/usr/share/texlive/texmf-dist/tex/latex/lineno/lineno.sty
Package: lineno 2005/11/02 line numbers on paragraphs v4.41
\linenopenalty=\count328
\output=\toks37
\linenoprevgraf=\count329
\linenumbersep=\dimen272
\linenumberwidth=\dimen273
\c@linenumber=\count330
\c@pagewiselinenumber=\count331
\c@LN@truepage=\count332
\c@internallinenumber=\count333
\c@internallinenumbers=\count334
\quotelinenumbersep=\dimen274
\bframerule=\dimen275
\bframesep=\dimen276
\bframebox=\box92
LaTeX Info: Redefining \\ on input line 3056.
)
\c@FV@TrueTabGroupLevel=\count335
\c@FV@TrueTabCounter=\count336
\FV@TabBox@Group=\box93
\FV@TmpLength=\skip69
\c@FV@HighlightLinesStart=\count337
\c@FV@HighlightLinesStop=\count338
\FV@LoopCount=\count339
\FV@NCharsBox=\box94
\FV@BreakIndent=\dimen277
\FV@BreakIndentNChars=\count340
\FV@BreakSymbolSepLeft=\dimen278
\FV@BreakSymbolSepLeftNChars=\count341
\FV@BreakSymbolSepRight=\dimen279
\FV@BreakSymbolSepRightNChars=\count342
\FV@BreakSymbolIndentLeft=\dimen280
\FV@BreakSymbolIndentLeftNChars=\count343
\FV@BreakSymbolIndentRight=\dimen281
\FV@BreakSymbolIndentRightNChars=\count344
\c@FancyVerbLineBreakLast=\count345
\FV@LineBox=\box95
\FV@LineIndentBox=\box96
\FV@LineWidth=\dimen282
)
(/usr/share/texlive/texmf-dist/tex/latex/tools/shellesc.sty
Package: shellesc 2019/11/08 v1.0c unified shell escape interface for LaTeX
Package shellesc Info: Unrestricted shell escape enabled on input line 75.
)
(/usr/share/texlive/texmf-dist/tex/latex/ifplatform/ifplatform.sty
Package: ifplatform 2017/10/13 v0.4a Testing for the operating system

(/usr/share/texlive/texmf-dist/tex/generic/catchfile/catchfile.sty
Package: catchfile 2019/12/09 v1.8 Catch the contents of a file (HO)
)
(/usr/share/texlive/texmf-dist/tex/generic/iftex/ifluatex.sty
Package: ifluatex 2019/10/25 v1.5 ifluatex legacy package. Use iftex instead.
)
runsystem(uname -s > "Challenges_28_10_2022.w18")...executed.


(./Challenges_28_10_2022.w18)
runsystem(rm -- "Challenges_28_10_2022.w18")...executed.

)
(/usr/share/texlive/texmf-dist/tex/generic/xstring/xstring.sty
(/usr/share/texlive/texmf-dist/tex/generic/xstring/xstring.tex
\integerpart=\count346
\decimalpart=\count347
)
Package: xstring 2021/07/21 v1.84 String manipulations (CT)
)
(/usr/share/texlive/texmf-dist/tex/latex/framed/framed.sty
Package: framed 2011/10/22 v 0.96: framed or shaded text with page breaks
\OuterFrameSep=\skip70
\fb@frw=\dimen283
\fb@frh=\dimen284
\FrameRule=\dimen285
\FrameSep=\dimen286
)
\minted@appexistsfile=\read4
\minted@bgbox=\box97
\minted@code=\write5
\c@minted@FancyVerbLineTemp=\count348
\c@minted@pygmentizecounter=\count349
\@float@every@listing=\toks38
\c@listing=\count350
)
runsystem(mkdir -p _minted-Challenges_28_10_2022)...executed.


(/usr/share/texlive/texmf-dist/tex/latex/tools/array.sty
Package: array 2021/10/04 v2.5f Tabular extension package (FMi)
\col@sep=\dimen287
\ar@mcellbox=\box98
\extrarowheight=\dimen288
\NC@list=\toks39
\extratabsurround=\skip71
\backup@length=\skip72
\ar@cellbox=\box99
)
(/usr/share/texlive/texmf-dist/tex/latex/multirow/multirow.sty
Package: multirow 2021/03/15 v2.8 Span multiple rows of a table
\multirow@colwidth=\skip73
\multirow@cntb=\count351
\multirow@dima=\skip74
\bigstrutjot=\dimen289
)
(/usr/share/texlive/texmf-dist/tex/latex/stmaryrd/stmaryrd.sty
Package: stmaryrd 1994/03/03 St Mary's Road symbol package
\symstmry=\mathgroup9
LaTeX Font Info:    Overwriting symbol font `stmry' in version `bold'
(Font)                  U/stmry/m/n --> U/stmry/b/n on input line 89.
)
(/usr/share/texlive/texmf-dist/tex/latex/pgfplots/pgfplots.sty
(/usr/share/texlive/texmf-dist/tex/generic/pgfplots/pgfplots.revision.tex)
Package: pgfplots 2021/05/15 v1.18.1 Data Visualization (1.18.1)

(/usr/share/texlive/texmf-dist/tex/generic/pgfplots/pgfplots.code.tex
(/usr/share/texlive/texmf-dist/tex/generic/pgfplots/pgfplotscore.code.tex
\t@pgfplots@toka=\toks40
\t@pgfplots@tokb=\toks41
\t@pgfplots@tokc=\toks42
\pgfplots@tmpa=\dimen290
\c@pgfplots@coordindex=\count352
\c@pgfplots@scanlineindex=\count353

(/usr/share/texlive/texmf-dist/tex/generic/pgfplots/sys/pgfplotssysgeneric.code
.tex))
(/usr/share/texlive/texmf-dist/tex/generic/pgfplots/libs/pgfplotslibrary.code.t
ex)
(/usr/share/texlive/texmf-dist/tex/generic/pgfplots/oldpgfcompatib/pgfplotsoldp
gfsupp_loader.code.tex
(/usr/share/texlive/texmf-dist/tex/generic/pgf/libraries/pgflibraryfpu.code.tex
))
(/usr/share/texlive/texmf-dist/tex/generic/pgfplots/util/pgfplotsutil.code.tex
(/usr/share/texlive/texmf-dist/tex/generic/pgfplots/liststructure/pgfplotslists
tructure.code.tex)
(/usr/share/texlive/texmf-dist/tex/generic/pgfplots/liststructure/pgfplotslists
tructureext.code.tex)
(/usr/share/texlive/texmf-dist/tex/generic/pgfplots/liststructure/pgfplotsarray
.code.tex
\c@pgfplotsarray@tmp=\count354
)
(/usr/share/texlive/texmf-dist/tex/generic/pgfplots/liststructure/pgfplotsmatri
x.code.tex)
(/usr/share/texlive/texmf-dist/tex/generic/pgfplots/numtable/pgfplotstableshare
d.code.tex
\c@pgfplotstable@counta=\count355
\t@pgfplotstable@a=\toks43
)
(/usr/share/texlive/texmf-dist/tex/generic/pgfplots/liststructure/pgfplotsdeque
.code.tex)
(/usr/share/texlive/texmf-dist/tex/generic/pgfplots/util/pgfplotsbinary.code.te
x
(/usr/share/texlive/texmf-dist/tex/generic/pgfplots/util/pgfplotsbinary.data.co
de.tex))
(/usr/share/texlive/texmf-dist/tex/generic/pgfplots/util/pgfplotsutil.verb.code
.tex)
(/usr/share/texlive/texmf-dist/tex/generic/pgfplots/libs/pgflibrarypgfplots.sur
fshading.code.tex
\c@pgfplotslibrarysurf@no=\count356

(/usr/share/texlive/texmf-dist/tex/generic/pgfplots/sys/pgflibrarypgfplots.surf
shading.pgfsys-pdftex.def)))
(/usr/share/texlive/texmf-dist/tex/generic/pgfplots/util/pgfplotscolormap.code.
tex
(/usr/share/texlive/texmf-dist/tex/generic/pgfplots/util/pgfplotscolor.code.tex
))
(/usr/share/texlive/texmf-dist/tex/generic/pgfplots/pgfplotsstackedplots.code.t
ex)
(/usr/share/texlive/texmf-dist/tex/generic/pgfplots/pgfplotsplothandlers.code.t
ex
(/usr/share/texlive/texmf-dist/tex/generic/pgfplots/pgfplotsmeshplothandler.cod
e.tex
(/usr/share/texlive/texmf-dist/tex/generic/pgfplots/pgfplotsmeshplotimage.code.
tex)))
(/usr/share/texlive/texmf-dist/tex/generic/pgfplots/pgfplots.scaling.code.tex)
(/usr/share/texlive/texmf-dist/tex/generic/pgfplots/pgfplotscoordprocessing.cod
e.tex)
(/usr/share/texlive/texmf-dist/tex/generic/pgfplots/pgfplots.errorbars.code.tex
) (/usr/share/texlive/texmf-dist/tex/generic/pgfplots/pgfplots.markers.code.tex
) (/usr/share/texlive/texmf-dist/tex/generic/pgfplots/pgfplotsticks.code.tex)
(/usr/share/texlive/texmf-dist/tex/generic/pgfplots/pgfplots.paths.code.tex)
(/usr/share/texlive/texmf-dist/tex/generic/pgf/frontendlayer/tikz/libraries/tik
zlibrarydecorations.code.tex
(/usr/share/texlive/texmf-dist/tex/generic/pgf/modules/pgfmoduledecorations.cod
e.tex
\pgfdecoratedcompleteddistance=\dimen291
\pgfdecoratedremainingdistance=\dimen292
\pgfdecoratedinputsegmentcompleteddistance=\dimen293
\pgfdecoratedinputsegmentremainingdistance=\dimen294
\pgf@decorate@distancetomove=\dimen295
\pgf@decorate@repeatstate=\count357
\pgfdecorationsegmentamplitude=\dimen296
\pgfdecorationsegmentlength=\dimen297
)
\tikz@lib@dec@box=\box100
)
(/usr/share/texlive/texmf-dist/tex/generic/pgf/frontendlayer/tikz/libraries/tik
zlibrarydecorations.pathmorphing.code.tex
(/usr/share/texlive/texmf-dist/tex/generic/pgf/libraries/decorations/pgflibrary
decorations.pathmorphing.code.tex))
(/usr/share/texlive/texmf-dist/tex/generic/pgf/frontendlayer/tikz/libraries/tik
zlibrarydecorations.pathreplacing.code.tex
(/usr/share/texlive/texmf-dist/tex/generic/pgf/libraries/decorations/pgflibrary
decorations.pathreplacing.code.tex))
(/usr/share/texlive/texmf-dist/tex/generic/pgfplots/libs/tikzlibrarypgfplots.co
ntourlua.code.tex)
\pgfplots@numplots=\count358
\pgfplots@xmin@reg=\dimen298
\pgfplots@xmax@reg=\dimen299
\pgfplots@ymin@reg=\dimen300
\pgfplots@ymax@reg=\dimen301
\pgfplots@zmin@reg=\dimen302
\pgfplots@zmax@reg=\dimen303
)
(/usr/share/texlive/texmf-dist/tex/generic/pgf/frontendlayer/tikz/libraries/tik
zlibraryplotmarks.code.tex
File: tikzlibraryplotmarks.code.tex 2021/05/15 v3.1.9a (3.1.9a)

(/usr/share/texlive/texmf-dist/tex/generic/pgf/libraries/pgflibraryplotmarks.co
de.tex
File: pgflibraryplotmarks.code.tex 2021/05/15 v3.1.9a (3.1.9a)
)))
(/usr/share/texlive/texmf-dist/tex/generic/pgfplots/libs/tikzlibrarypgfplots.fi
llbetween.code.tex
(/usr/share/texlive/texmf-dist/tex/generic/pgfplots/pgfcontrib/tikzlibraryfillb
etween.code.tex
(/usr/share/texlive/texmf-dist/tex/generic/pgf/frontendlayer/tikz/libraries/tik
zlibraryintersections.code.tex
(/usr/share/texlive/texmf-dist/tex/generic/pgf/libraries/pgflibraryintersection
s.code.tex
\pgf@intersect@solutions=\count359
))
(/usr/share/texlive/texmf-dist/tex/generic/pgfplots/pgfcontrib/tikzlibrarydecor
ations.softclip.code.tex
(/usr/share/texlive/texmf-dist/tex/generic/pgfplots/pgfcontrib/pgflibraryfillbe
tween.code.tex)))
(/usr/share/texlive/texmf-dist/tex/generic/pgfplots/libs/tikzlibrarypgfplots.de
corations.softclip.code.tex))
(/usr/share/texlive/texmf-dist/tex/generic/pgf/frontendlayer/tikz/libraries/tik
zlibrarypatterns.code.tex
File: tikzlibrarypatterns.code.tex 2021/05/15 v3.1.9a (3.1.9a)

(/usr/share/texlive/texmf-dist/tex/generic/pgf/libraries/pgflibrarypatterns.cod
e.tex
File: pgflibrarypatterns.code.tex 2021/05/15 v3.1.9a (3.1.9a)
)) (/usr/share/texlive/texmf-dist/tex/latex/algorithm2e/algorithm2e.sty
Package: algorithm2e 2017/07/18 v5.2 algorithms environments
\c@AlgoLine=\count360
\algocf@hangindent=\skip75

(/usr/share/texlive/texmf-dist/tex/latex/ifoddpage/ifoddpage.sty
Package: ifoddpage 2016/04/23 v1.1 Conditionals for odd/even page detection
\c@checkoddpage=\count361
)
(/usr/share/texlive/texmf-dist/tex/latex/tools/xspace.sty
Package: xspace 2014/10/28 v1.13 Space after command names (DPC,MH)
)
(/usr/share/texlive/texmf-dist/tex/latex/relsize/relsize.sty
Package: relsize 2013/03/29 ver 4.1
)
\skiptotal=\skip76
\skiplinenumber=\skip77
\skiprule=\skip78
\skiphlne=\skip79
\skiptext=\skip80
\skiplength=\skip81
\algomargin=\skip82
\skipalgocfslide=\skip83
\algowidth=\dimen304
\inoutsize=\dimen305
\inoutindent=\dimen306
\interspacetitleruled=\dimen307
\interspacealgoruled=\dimen308
\interspacetitleboxruled=\dimen309
\algocf@ruledwidth=\skip84
\algocf@inoutbox=\box101
\algocf@inputbox=\box102
\AlCapSkip=\skip85
\AlCapHSkip=\skip86
\algoskipindent=\skip87
\algocf@nlbox=\box103
\algocf@hangingbox=\box104
\algocf@untilbox=\box105
\algocf@skipuntil=\skip88
\algocf@capbox=\box106
\algocf@lcaptionbox=\skip89
\algoheightruledefault=\skip90
\algoheightrule=\skip91
\algotitleheightruledefault=\skip92
\algotitleheightrule=\skip93
\c@algocfline=\count362
\c@algocfproc=\count363
\c@algocf=\count364
\algocf@algoframe=\box107
\algocf@algobox=\box108
)
(/usr/share/texlive/texmf-dist/tex/latex/geometry/geometry.sty
Package: geometry 2020/01/02 v5.9 Page Geometry

(/usr/share/texlive/texmf-dist/tex/generic/iftex/ifvtex.sty
Package: ifvtex 2019/10/25 v1.7 ifvtex legacy package. Use iftex instead.
)
\Gm@cnth=\count365
\Gm@cntv=\count366
\c@Gm@tempcnt=\count367
\Gm@bindingoffset=\dimen310
\Gm@wd@mp=\dimen311
\Gm@odd@mp=\dimen312
\Gm@even@mp=\dimen313
\Gm@layoutwidth=\dimen314
\Gm@layoutheight=\dimen315
\Gm@layouthoffset=\dimen316
\Gm@layoutvoffset=\dimen317
\Gm@dimlist=\toks44
)
(/usr/share/texlive/texmf-dist/tex/latex/l3packages/xfp/xfp.sty
(/usr/share/texlive/texmf-dist/tex/latex/l3kernel/expl3.sty
Package: expl3 2022-01-21 L3 programming layer (loader) 

(/usr/share/texlive/texmf-dist/tex/latex/l3backend/l3backend-pdftex.def
File: l3backend-pdftex.def 2022-01-12 L3 backend support: PDF output (pdfTeX)
\l__color_backend_stack_int=\count368
\l__pdf_internal_box=\box109
))
Package: xfp 2022-01-12 L3 Floating point unit
)
\c@subsubsubsection=\count369
runsystem(which pygmentize && touch Challenges_28_10_2022.aex)...executed.

runsystem(rm Challenges_28_10_2022.aex)...executed.


(./Challenges_28_10_2022.aux

LaTeX Warning: Label `sfig:cka-trans-chmm-ba' multiply defined.


LaTeX Warning: Label `sub@sfig:cka-trans-chmm-ba' multiply defined.

)
\openout1 = `Challenges_28_10_2022.aux'.

LaTeX Font Info:    Checking defaults for OML/cmm/m/it on input line 330.
LaTeX Font Info:    ... okay on input line 330.
LaTeX Font Info:    Checking defaults for OMS/cmsy/m/n on input line 330.
LaTeX Font Info:    ... okay on input line 330.
LaTeX Font Info:    Checking defaults for OT1/cmr/m/n on input line 330.
LaTeX Font Info:    ... okay on input line 330.
LaTeX Font Info:    Checking defaults for T1/cmr/m/n on input line 330.
LaTeX Font Info:    ... okay on input line 330.
LaTeX Font Info:    Checking defaults for TS1/cmr/m/n on input line 330.
LaTeX Font Info:    ... okay on input line 330.
LaTeX Font Info:    Checking defaults for OMX/cmex/m/n on input line 330.
LaTeX Font Info:    ... okay on input line 330.
LaTeX Font Info:    Checking defaults for U/cmr/m/n on input line 330.
LaTeX Font Info:    ... okay on input line 330.
LaTeX Font Info:    Checking defaults for PD1/pdf/m/n on input line 330.
LaTeX Font Info:    ... okay on input line 330.
LaTeX Font Info:    Checking defaults for PU/pdf/m/n on input line 330.
LaTeX Font Info:    ... okay on input line 330.
 (/usr/share/texlive/texmf-dist/tex/context/base/mkii/supp-pdf.mkii
[Loading MPS to PDF converter (version 2006.09.02).]
\scratchcounter=\count370
\scratchdimen=\dimen318
\scratchbox=\box110
\nofMPsegments=\count371
\nofMParguments=\count372
\everyMPshowfont=\toks45
\MPscratchCnt=\count373
\MPscratchDim=\dimen319
\MPnumerator=\count374
\makeMPintoPDFobject=\count375
\everyMPtoPDFconversion=\toks46
) (/usr/share/texlive/texmf-dist/tex/latex/epstopdf-pkg/epstopdf-base.sty
Package: epstopdf-base 2020-01-24 v2.11 Base part for package epstopdf
Package epstopdf-base Info: Redefining graphics rule for `.eps' on input line 4
85.

(/usr/share/texlive/texmf-dist/tex/latex/latexconfig/epstopdf-sys.cfg
File: epstopdf-sys.cfg 2010/07/13 v1.3 Configuration of (r)epstopdf for TeX Liv
e
))
Package hyperref Info: Link coloring OFF on input line 330.

(/usr/share/texlive/texmf-dist/tex/latex/hyperref/nameref.sty
Package: nameref 2021-04-02 v2.47 Cross-referencing by name of section

(/usr/share/texlive/texmf-dist/tex/latex/refcount/refcount.sty
Package: refcount 2019/12/15 v3.6 Data extraction from label references (HO)
)
(/usr/share/texlive/texmf-dist/tex/generic/gettitlestring/gettitlestring.sty
Package: gettitlestring 2019/12/15 v1.6 Cleanup title references (HO)
)
\c@section@level=\count376
)
LaTeX Info: Redefining \ref on input line 330.
LaTeX Info: Redefining \pageref on input line 330.
LaTeX Info: Redefining \nameref on input line 330.

(./Challenges_28_10_2022.out) (./Challenges_28_10_2022.out)
\@outlinefile=\write6
\openout6 = `Challenges_28_10_2022.out'.

Package caption Info: Begin \AtBeginDocument code.
Package caption Info: float package is loaded.
Package caption Info: End \AtBeginDocument code.


Package pgfplots Warning: running in backwards compatibility mode (unsuitable t
ick labels; missing features). Consider writing \pgfplotsset{compat=1.18} into 
your preamble.
 on input line 330.

*geometry* driver: auto-detecting
*geometry* detected driver: pdftex
*geometry* verbose mode - [ preamble ] result:
* driver: pdftex
* paper: <default>
* layout: <same size as paper>
* layoutoffset:(h,v)=(0.0pt,0.0pt)
* modes: twoside 
* h-part:(L,W,R)=(28.45274pt, 557.38951pt, 28.45274pt)
* v-part:(T,H,B)=(28.45274pt, 694.24725pt, 72.26999pt)
* \paperwidth=614.295pt
* \paperheight=794.96999pt
* \textwidth=557.38951pt
* \textheight=694.24725pt
* \oddsidemargin=-43.81725pt
* \evensidemargin=-43.81725pt
* \topmargin=-98.88474pt
* \headheight=12.0pt
* \headsep=43.06749pt
* \topskip=11.0pt
* \footskip=30.0pt
* \marginparwidth=5.05942pt
* \marginparsep=10.0pt
* \columnsep=10.0pt
* \skip\footins=10.0pt plus 4.0pt minus 2.0pt
* \hoffset=0.0pt
* \voffset=0.0pt
* \mag=1000
* \@twocolumnfalse
* \@twosidetrue
* \@mparswitchtrue
* \@reversemarginfalse
* (1in=72.27pt=25.4mm, 1cm=28.453pt)


Package natbib Warning: Citation `AI_TUTO' on page 1 undefined on input line 37
0.


Package natbib Warning: Citation `AI_VMP' on page 1 undefined on input line 370
.


Package natbib Warning: Citation `AITs_tHEORY' on page 1 undefined on input lin
e 370.


Package natbib Warning: Citation `AITS_PRACTICE' on page 1 undefined on input l
ine 370.


Package natbib Warning: Citation `BTAI_BF' on page 1 undefined on input line 37
0.


Package natbib Warning: Citation `FRISTON2016862' on page 1 undefined on input 
line 370.


Package natbib Warning: Citation `bayes_surprise' on page 1 undefined on input 
line 370.


Package natbib Warning: Citation `curiosity' on page 1 undefined on input line 
370.


Package natbib Warning: Citation `dopamine' on page 1 undefined on input line 3
70.


Package natbib Warning: Citation `DeepAIwithMCMC' on page 1 undefined on input 
line 371.


Package natbib Warning: Citation `pezzato2020active' on page 1 undefined on inp
ut line 371.


Package natbib Warning: Citation `sancaktar2020endtoend' on page 1 undefined on
 input line 371.


Package natbib Warning: Citation `ccatal2020learning' on page 1 undefined on in
put line 371.


Package natbib Warning: Citation `CULLEN2018809' on page 1 undefined on input l
ine 371.


Package natbib Warning: Citation `cart_pole' on page 1 undefined on input line 
371.


Underfull \vbox (badness 10000) has occurred while \output is active []

LaTeX Font Info:    Trying to load font information for U+msa on input line 373
.

(/usr/share/texlive/texmf-dist/tex/latex/amsfonts/umsa.fd
File: umsa.fd 2013/01/14 v3.01 AMS symbols A
)
LaTeX Font Info:    Trying to load font information for U+msb on input line 373
.

(/usr/share/texlive/texmf-dist/tex/latex/amsfonts/umsb.fd
File: umsb.fd 2013/01/14 v3.01 AMS symbols B
)
LaTeX Font Info:    Trying to load font information for U+stmry on input line 3
73.

(/usr/share/texlive/texmf-dist/tex/latex/stmaryrd/Ustmry.fd) [1{/var/lib/texmf/
fonts/map/pdftex/updmap/pdftex.map}

]

Package natbib Warning: Citation `VAE' on page 2 undefined on input line 373.


Package natbib Warning: Citation `beta-VAE' on page 2 undefined on input line 3
73.


Package natbib Warning: Citation `Kingma2013' on page 2 undefined on input line
 373.


Package natbib Warning: Citation `Rezende2014' on page 2 undefined on input lin
e 373.


Package natbib Warning: Citation `sancaktar2020endtoend' on page 2 undefined on
 input line 373.


Package natbib Warning: Citation `ccatal2020learning' on page 2 undefined on in
put line 373.


Package natbib Warning: Citation `DeepAI' on page 2 undefined on input line 373
.


Package natbib Warning: Citation `MCTS' on page 2 undefined on input line 373.


Package natbib Warning: Citation `Go' on page 2 undefined on input line 373.


Package natbib Warning: Citation `DeepAIwithMCMC' on page 2 undefined on input 
line 374.


Package natbib Warning: Citation `AITs_tHEORY' on page 2 undefined on input lin
e 374.


Package natbib Warning: Citation `AITS_PRACTICE' on page 2 undefined on input l
ine 374.


Package natbib Warning: Citation `BTAI_BF' on page 2 undefined on input line 37
4.


Package natbib Warning: Citation `BTAI_3MF' on page 2 undefined on input line 3
74.


Package natbib Warning: Citation `DeepRL' on page 2 undefined on input line 376
.


Package natbib Warning: Citation `DDQN' on page 2 undefined on input line 376.


Package natbib Warning: Citation `lample2016playing' on page 2 undefined on inp
ut line 376.


Package natbib Warning: Citation `DeepRL' on page 2 undefined on input line 376
.


Package natbib Warning: Citation `DeepRL' on page 2 undefined on input line 380
.


Package natbib Warning: Citation `DeepRL' on page 2 undefined on input line 382
.


Package natbib Warning: Citation `DeepAIwithMCMC' on page 2 undefined on input 
line 382.


Package natbib Warning: Citation `DeepAI' on page 2 undefined on input line 382
.


Package natbib Warning: Citation `rood2020deep' on page 2 undefined on input li
ne 382.


Package natbib Warning: Citation `sancaktar2020endtoend' on page 2 undefined on
 input line 382.


Package natbib Warning: Citation `DAI_HR' on page 2 undefined on input line 382
.


Package natbib Warning: Citation `DAI_HR2' on page 2 undefined on input line 38
2.


Package natbib Warning: Citation `DAI_Kai' on page 2 undefined on input line 38
2.


Package natbib Warning: Citation `DAI_POMDP' on page 2 undefined on input line 
382.

[2]

Package natbib Warning: Citation `DeepRL' on page 3 undefined on input line 388
.


Package hyperref Warning: Token not allowed in a PDF string (Unicode):
(hyperref)                removing `math shift' on input line 388.


Package hyperref Warning: Token not allowed in a PDF string (Unicode):
(hyperref)                removing `math shift' on input line 388.


Package hyperref Warning: Token not allowed in a PDF string (Unicode):
(hyperref)                removing `\begingroup' on input line 388.


Package hyperref Warning: Token not allowed in a PDF string (Unicode):
(hyperref)                removing `\let' on input line 388.


Package hyperref Warning: Token not allowed in a PDF string (Unicode):
(hyperref)                removing `\<let>-command' on input line 388.


Package hyperref Warning: Token not allowed in a PDF string (Unicode):
(hyperref)                removing `\NAT@ctype' on input line 388.


Package hyperref Warning: Token not allowed in a PDF string (Unicode):
(hyperref)                removing `\z@' on input line 388.


Package hyperref Warning: Token not allowed in a PDF string (Unicode):
(hyperref)                removing `\let' on input line 388.


Package hyperref Warning: Token not allowed in a PDF string (Unicode):
(hyperref)                removing `\new@ifnextchar' on input line 388.


Package natbib Warning: Citation `DeepRL' on page 3 undefined on input line 390
.


Package natbib Warning: Citation `sutton1998' on page 3 undefined on input line
 390.


Package natbib Warning: Citation `DeepAIwithMCMC' on page 3 undefined on input 
line 458.


Package hyperref Warning: Token not allowed in a PDF string (Unicode):
(hyperref)                removing `math shift' on input line 458.


Package hyperref Warning: Token not allowed in a PDF string (Unicode):
(hyperref)                removing `subscript' on input line 458.


Package hyperref Warning: Token not allowed in a PDF string (Unicode):
(hyperref)                removing `math shift' on input line 458.


Package hyperref Warning: Token not allowed in a PDF string (Unicode):
(hyperref)                removing `\begingroup' on input line 458.


Package hyperref Warning: Token not allowed in a PDF string (Unicode):
(hyperref)                removing `\let' on input line 458.


Package hyperref Warning: Token not allowed in a PDF string (Unicode):
(hyperref)                removing `\<let>-command' on input line 458.


Package hyperref Warning: Token not allowed in a PDF string (Unicode):
(hyperref)                removing `\NAT@ctype' on input line 458.


Package hyperref Warning: Token not allowed in a PDF string (Unicode):
(hyperref)                removing `\z@' on input line 458.


Package hyperref Warning: Token not allowed in a PDF string (Unicode):
(hyperref)                removing `\let' on input line 458.


Package hyperref Warning: Token not allowed in a PDF string (Unicode):
(hyperref)                removing `\new@ifnextchar' on input line 458.


LaTeX Warning: `h' float specifier changed to `ht'.


Package natbib Warning: Citation `DeepAIwithMCMC' on page 3 undefined on input 
line 491.


Underfull \vbox (badness 1325) has occurred while \output is active []

 [3]
[4]

Package natbib Warning: Citation `DeepAIwithMCMC' on page 5 undefined on input 
line 512.


LaTeX Font Warning: Font shape `U/stmry/b/n' undefined
(Font)              using `U/stmry/m/n' instead on input line 522.


LaTeX Warning: Float too large for page by 2.88596pt on input line 609.


Package natbib Warning: Citation `MCTS' on page 5 undefined on input line 615.

[5] [6]

Package natbib Warning: Citation `DeepAIwithMCMC' on page 7 undefined on input 
line 635.


Package natbib Warning: Citation `DeepAI' on page 7 undefined on input line 635
.


Package natbib Warning: Citation `koller2009probabilistic' on page 7 undefined 
on input line 645.

[7]

Package natbib Warning: Citation `DeepAIwithMCMC' on page 8 undefined on input 
line 653.


Package natbib Warning: Citation `DeepAIwithMCMC' on page 8 undefined on input 
line 657.


Package natbib Warning: Citation `DeepAIwithMCMC' on page 8 undefined on input 
line 667.


Package natbib Warning: Citation `DeepAIwithMCMC' on page 8 undefined on input 
line 669.


Package hyperref Warning: bookmark level for unknown subsubsubsection defaults 
to 0.


Package hyperref Warning: Token not allowed in a PDF string (Unicode):
(hyperref)                removing `\hbox' on input line 669.


Package hyperref Warning: Token not allowed in a PDF string (Unicode):
(hyperref)                removing `\mathsurround' on input line 669.


Package hyperref Warning: Token not allowed in a PDF string (Unicode):
(hyperref)                removing `\z@' on input line 669.


Package hyperref Warning: Token not allowed in a PDF string (Unicode):
(hyperref)                removing `\unskip' on input line 669.


Package hyperref Warning: Token not allowed in a PDF string (Unicode):
(hyperref)                removing `\@@italiccorr' on input line 669.


Package hyperref Warning: Token not allowed in a PDF string (Unicode):
(hyperref)                removing `\begingroup' on input line 669.


Package hyperref Warning: Token not allowed in a PDF string (Unicode):
(hyperref)                removing `\let' on input line 669.


Package hyperref Warning: Token not allowed in a PDF string (Unicode):
(hyperref)                removing `\<let>-command' on input line 669.


Package hyperref Warning: Token not allowed in a PDF string (Unicode):
(hyperref)                removing `\NAT@ctype' on input line 669.


Package hyperref Warning: Token not allowed in a PDF string (Unicode):
(hyperref)                removing `\z@' on input line 669.


Package hyperref Warning: Token not allowed in a PDF string (Unicode):
(hyperref)                removing `\let' on input line 669.


Package hyperref Warning: Token not allowed in a PDF string (Unicode):
(hyperref)                removing `\new@ifnextchar' on input line 669.


Package natbib Warning: Citation `DeepAIwithMCMC' on page 8 undefined on input 
line 670.


Underfull \vbox (badness 6893) has occurred while \output is active []

 [8]

Package natbib Warning: Citation `DeepAIwithMCMC' on page 9 undefined on input 
line 677.


Package hyperref Warning: Token not allowed in a PDF string (Unicode):
(hyperref)                removing `\hbox' on input line 689.


Package hyperref Warning: Token not allowed in a PDF string (Unicode):
(hyperref)                removing `\mathsurround' on input line 689.


Package hyperref Warning: Token not allowed in a PDF string (Unicode):
(hyperref)                removing `\z@' on input line 689.


Package hyperref Warning: Token not allowed in a PDF string (Unicode):
(hyperref)                removing `\unskip' on input line 689.


Package hyperref Warning: Token not allowed in a PDF string (Unicode):
(hyperref)                removing `\@@italiccorr' on input line 689.


Package natbib Warning: Citation `DeepAIwithMCMC' on page 9 undefined on input 
line 700.


Package hyperref Warning: Token not allowed in a PDF string (Unicode):
(hyperref)                removing `\hbox' on input line 700.


Package hyperref Warning: Token not allowed in a PDF string (Unicode):
(hyperref)                removing `\mathsurround' on input line 700.


Package hyperref Warning: Token not allowed in a PDF string (Unicode):
(hyperref)                removing `\z@' on input line 700.


Package hyperref Warning: Token not allowed in a PDF string (Unicode):
(hyperref)                removing `\unskip' on input line 700.


Package hyperref Warning: Token not allowed in a PDF string (Unicode):
(hyperref)                removing `\@@italiccorr' on input line 700.


Package hyperref Warning: Token not allowed in a PDF string (Unicode):
(hyperref)                removing `\begingroup' on input line 700.


Package hyperref Warning: Token not allowed in a PDF string (Unicode):
(hyperref)                removing `\let' on input line 700.


Package hyperref Warning: Token not allowed in a PDF string (Unicode):
(hyperref)                removing `\<let>-command' on input line 700.


Package hyperref Warning: Token not allowed in a PDF string (Unicode):
(hyperref)                removing `\NAT@ctype' on input line 700.


Package hyperref Warning: Token not allowed in a PDF string (Unicode):
(hyperref)                removing `\z@' on input line 700.


Package hyperref Warning: Token not allowed in a PDF string (Unicode):
(hyperref)                removing `\let' on input line 700.


Package hyperref Warning: Token not allowed in a PDF string (Unicode):
(hyperref)                removing `\new@ifnextchar' on input line 700.

[9]

Package natbib Warning: Citation `DeepAIwithMCMC' on page 10 undefined on input
 line 723.


Package natbib Warning: Citation `DeepAIwithMCMC' on page 10 undefined on input
 line 725.


Package hyperref Warning: Token not allowed in a PDF string (Unicode):
(hyperref)                removing `\begingroup' on input line 725.


Package hyperref Warning: Token not allowed in a PDF string (Unicode):
(hyperref)                removing `\let' on input line 725.


Package hyperref Warning: Token not allowed in a PDF string (Unicode):
(hyperref)                removing `\<let>-command' on input line 725.


Package hyperref Warning: Token not allowed in a PDF string (Unicode):
(hyperref)                removing `\NAT@ctype' on input line 725.


Package hyperref Warning: Token not allowed in a PDF string (Unicode):
(hyperref)                removing `\z@' on input line 725.


Package hyperref Warning: Token not allowed in a PDF string (Unicode):
(hyperref)                removing `\let' on input line 725.


Package hyperref Warning: Token not allowed in a PDF string (Unicode):
(hyperref)                removing `\new@ifnextchar' on input line 725.


Package natbib Warning: Citation `DeepAIwithMCMC' on page 10 undefined on input
 line 727.


Package natbib Warning: Citation `DeepAIwithMCMC' on page 10 undefined on input
 line 734.


Package natbib Warning: Citation `DeepAIwithMCMC' on page 10 undefined on input
 line 745.


Package natbib Warning: Citation `DeepAI' on page 10 undefined on input line 74
7.


Package hyperref Warning: Difference (2) between bookmark levels is greater 
(hyperref)                than one, level fixed on input line 747.


Package hyperref Warning: Token not allowed in a PDF string (Unicode):
(hyperref)                removing `math shift' on input line 747.


Package hyperref Warning: Token not allowed in a PDF string (Unicode):
(hyperref)                removing `subscript' on input line 747.


Package hyperref Warning: Token not allowed in a PDF string (Unicode):
(hyperref)                removing `math shift' on input line 747.


Package hyperref Warning: Token not allowed in a PDF string (Unicode):
(hyperref)                removing `\begingroup' on input line 747.


Package hyperref Warning: Token not allowed in a PDF string (Unicode):
(hyperref)                removing `\let' on input line 747.


Package hyperref Warning: Token not allowed in a PDF string (Unicode):
(hyperref)                removing `\<let>-command' on input line 747.


Package hyperref Warning: Token not allowed in a PDF string (Unicode):
(hyperref)                removing `\NAT@ctype' on input line 747.


Package hyperref Warning: Token not allowed in a PDF string (Unicode):
(hyperref)                removing `\z@' on input line 747.


Package hyperref Warning: Token not allowed in a PDF string (Unicode):
(hyperref)                removing `\let' on input line 747.


Package hyperref Warning: Token not allowed in a PDF string (Unicode):
(hyperref)                removing `\new@ifnextchar' on input line 747.


Package natbib Warning: Citation `DeepAI' on page 10 undefined on input line 74
9.


Package natbib Warning: Citation `DeepAI' on page 10 undefined on input line 74
9.

[10]

Package natbib Warning: Citation `dacosta2020relationship' on page 11 undefined
 on input line 765.

[11]
Underfull \vbox (badness 10000) has occurred while \output is active []

 [12]

Package natbib Warning: Citation `rood2020deep' on page 13 undefined on input l
ine 880.


Package hyperref Warning: Token not allowed in a PDF string (Unicode):
(hyperref)                removing `math shift' on input line 880.


Package hyperref Warning: Token not allowed in a PDF string (Unicode):
(hyperref)                removing `subscript' on input line 880.


Package hyperref Warning: Token not allowed in a PDF string (Unicode):
(hyperref)                removing `math shift' on input line 880.


Package hyperref Warning: Token not allowed in a PDF string (Unicode):
(hyperref)                removing `\begingroup' on input line 880.


Package hyperref Warning: Token not allowed in a PDF string (Unicode):
(hyperref)                removing `\let' on input line 880.


Package hyperref Warning: Token not allowed in a PDF string (Unicode):
(hyperref)                removing `\<let>-command' on input line 880.


Package hyperref Warning: Token not allowed in a PDF string (Unicode):
(hyperref)                removing `\NAT@ctype' on input line 880.


Package hyperref Warning: Token not allowed in a PDF string (Unicode):
(hyperref)                removing `\z@' on input line 880.


Package hyperref Warning: Token not allowed in a PDF string (Unicode):
(hyperref)                removing `\let' on input line 880.


Package hyperref Warning: Token not allowed in a PDF string (Unicode):
(hyperref)                removing `\new@ifnextchar' on input line 880.


Package natbib Warning: Citation `rood2020deep' on page 13 undefined on input l
ine 882.


Package natbib Warning: Citation `rood2020deep' on page 13 undefined on input l
ine 882.


Package natbib Warning: Citation `rood2020deep' on page 13 undefined on input l
ine 882.


Package natbib Warning: Citation `sancaktar2020endtoend' on page 13 undefined o
n input line 884.


Package natbib Warning: Citation `DAI_HR' on page 13 undefined on input line 88
4.


Package natbib Warning: Citation `DAI_HR2' on page 13 undefined on input line 8
84.


Package hyperref Warning: Token not allowed in a PDF string (Unicode):
(hyperref)                removing `math shift' on input line 884.


Package hyperref Warning: Token not allowed in a PDF string (Unicode):
(hyperref)                removing `subscript' on input line 884.


Package hyperref Warning: Token not allowed in a PDF string (Unicode):
(hyperref)                removing `math shift' on input line 884.


Package hyperref Warning: Token not allowed in a PDF string (Unicode):
(hyperref)                removing `\begingroup' on input line 884.


Package hyperref Warning: Token not allowed in a PDF string (Unicode):
(hyperref)                removing `\let' on input line 884.


Package hyperref Warning: Token not allowed in a PDF string (Unicode):
(hyperref)                removing `\<let>-command' on input line 884.


Package hyperref Warning: Token not allowed in a PDF string (Unicode):
(hyperref)                removing `\NAT@ctype' on input line 884.


Package hyperref Warning: Token not allowed in a PDF string (Unicode):
(hyperref)                removing `\z@' on input line 884.


Package hyperref Warning: Token not allowed in a PDF string (Unicode):
(hyperref)                removing `\let' on input line 884.


Package hyperref Warning: Token not allowed in a PDF string (Unicode):
(hyperref)                removing `\new@ifnextchar' on input line 884.


Package hyperref Warning: Token not allowed in a PDF string (Unicode):
(hyperref)                removing `subscript' on input line 884.


Package hyperref Warning: Token not allowed in a PDF string (Unicode):
(hyperref)                removing `subscript' on input line 884.


Package natbib Warning: Citation `sancaktar2020endtoend' on page 13 undefined o
n input line 886.


Package natbib Warning: Citation `DAI_HR' on page 13 undefined on input line 88
6.


Package natbib Warning: Citation `DAI_HR2' on page 13 undefined on input line 8
86.


Package natbib Warning: Citation `sancaktar2020endtoend' on page 13 undefined o
n input line 886.


Package natbib Warning: Citation `DAI_HR' on page 13 undefined on input line 88
6.


Package natbib Warning: Citation `DAI_HR2' on page 13 undefined on input line 8
86.


Package natbib Warning: Citation `DAI_Kai' on page 13 undefined on input line 8
88.


Package hyperref Warning: Token not allowed in a PDF string (Unicode):
(hyperref)                removing `math shift' on input line 888.


Package hyperref Warning: Token not allowed in a PDF string (Unicode):
(hyperref)                removing `subscript' on input line 888.


Package hyperref Warning: Token not allowed in a PDF string (Unicode):
(hyperref)                removing `math shift' on input line 888.


Package hyperref Warning: Token not allowed in a PDF string (Unicode):
(hyperref)                removing `\begingroup' on input line 888.


Package hyperref Warning: Token not allowed in a PDF string (Unicode):
(hyperref)                removing `\let' on input line 888.


Package hyperref Warning: Token not allowed in a PDF string (Unicode):
(hyperref)                removing `\<let>-command' on input line 888.


Package hyperref Warning: Token not allowed in a PDF string (Unicode):
(hyperref)                removing `\NAT@ctype' on input line 888.


Package hyperref Warning: Token not allowed in a PDF string (Unicode):
(hyperref)                removing `\z@' on input line 888.


Package hyperref Warning: Token not allowed in a PDF string (Unicode):
(hyperref)                removing `\let' on input line 888.


Package hyperref Warning: Token not allowed in a PDF string (Unicode):
(hyperref)                removing `\new@ifnextchar' on input line 888.


Package hyperref Warning: Token not allowed in a PDF string (Unicode):
(hyperref)                removing `subscript' on input line 888.


Package natbib Warning: Citation `DAI_Kai' on page 13 undefined on input line 8
90.


Package natbib Warning: Citation `DAI_Kai' on page 13 undefined on input line 8
90.


Underfull \vbox (badness 10000) has occurred while \output is active []

 [13]

Package natbib Warning: Citation `DAI_Kai' on page 14 undefined on input line 8
98.

[14]
Underfull \vbox (badness 10000) has occurred while \output is active []

 [15]

Package natbib Warning: Citation `DAI_POMDP' on page 16 undefined on input line
 1001.


Package hyperref Warning: Token not allowed in a PDF string (Unicode):
(hyperref)                removing `math shift' on input line 1001.


Package hyperref Warning: Token not allowed in a PDF string (Unicode):
(hyperref)                removing `subscript' on input line 1001.


Package hyperref Warning: Token not allowed in a PDF string (Unicode):
(hyperref)                removing `math shift' on input line 1001.


Package hyperref Warning: Token not allowed in a PDF string (Unicode):
(hyperref)                removing `\begingroup' on input line 1001.


Package hyperref Warning: Token not allowed in a PDF string (Unicode):
(hyperref)                removing `\let' on input line 1001.


Package hyperref Warning: Token not allowed in a PDF string (Unicode):
(hyperref)                removing `\<let>-command' on input line 1001.


Package hyperref Warning: Token not allowed in a PDF string (Unicode):
(hyperref)                removing `\NAT@ctype' on input line 1001.


Package hyperref Warning: Token not allowed in a PDF string (Unicode):
(hyperref)                removing `\z@' on input line 1001.


Package hyperref Warning: Token not allowed in a PDF string (Unicode):
(hyperref)                removing `\let' on input line 1001.


Package hyperref Warning: Token not allowed in a PDF string (Unicode):
(hyperref)                removing `\new@ifnextchar' on input line 1001.


Package hyperref Warning: Token not allowed in a PDF string (Unicode):
(hyperref)                removing `subscript' on input line 1001.


Package natbib Warning: Citation `DAI_POMDP' on page 16 undefined on input line
 1003.

[16]

Package natbib Warning: Citation `DAI_POMDP' on page 17 undefined on input line
 1018.


Package hyperref Warning: Token not allowed in a PDF string (Unicode):
(hyperref)                removing `math shift' on input line 1018.


Package hyperref Warning: Token not allowed in a PDF string (Unicode):
(hyperref)                removing `subscript' on input line 1018.


Package hyperref Warning: Token not allowed in a PDF string (Unicode):
(hyperref)                removing `math shift' on input line 1018.


Package hyperref Warning: Token not allowed in a PDF string (Unicode):
(hyperref)                removing `\begingroup' on input line 1018.


Package hyperref Warning: Token not allowed in a PDF string (Unicode):
(hyperref)                removing `\let' on input line 1018.


Package hyperref Warning: Token not allowed in a PDF string (Unicode):
(hyperref)                removing `\<let>-command' on input line 1018.


Package hyperref Warning: Token not allowed in a PDF string (Unicode):
(hyperref)                removing `\NAT@ctype' on input line 1018.


Package hyperref Warning: Token not allowed in a PDF string (Unicode):
(hyperref)                removing `\z@' on input line 1018.


Package hyperref Warning: Token not allowed in a PDF string (Unicode):
(hyperref)                removing `\let' on input line 1018.


Package hyperref Warning: Token not allowed in a PDF string (Unicode):
(hyperref)                removing `\new@ifnextchar' on input line 1018.


Package hyperref Warning: Token not allowed in a PDF string (Unicode):
(hyperref)                removing `subscript' on input line 1018.


Package natbib Warning: Citation `ccatal2020learning' on page 17 undefined on i
nput line 1020.


Package natbib Warning: Citation `schneider2022active' on page 17 undefined on 
input line 1024.


Package natbib Warning: Citation `Cortes2012' on page 17 undefined on input lin
e 1032.


Package natbib Warning: Citation `Cristianini2002' on page 17 undefined on inpu
t line 1032.


Package natbib Warning: Citation `Gretton2005' on page 17 undefined on input li
ne 1032.


Package natbib Warning: Citation `Kornblith2019' on page 17 undefined on input 
line 1032.


Package natbib Warning: Citation `Robert1976' on page 17 undefined on input lin
e 1032.


Package natbib Warning: Citation `Bonheme2022' on page 17 undefined on input li
ne 1032.


Package natbib Warning: Citation `Maheswaranathan2019' on page 17 undefined on 
input line 1046.


Package natbib Warning: Citation `DeepRL' on page 17 undefined on input line 10
52.


Package natbib Warning: Citation `DeepAIwithMCMC' on page 17 undefined on input
 line 1052.

[17]

Package natbib Warning: Citation `dsprites17' on page 18 undefined on input lin
e 1056.


Package natbib Warning: Citation `VAE' on page 18 undefined on input line 1056.


<dSprites_env.png, id=347, 1236.62pt x 342.27875pt>
File: dSprites_env.png Graphic file (type png)
<use dSprites_env.png>
Package pdftex.def Info: dSprites_env.png  used on input line 1060.
(pdftex.def)             Requested size: 494.63924pt x 136.90906pt.
[18 <./dSprites_env.png>] [19] [20] [21]

Package natbib Warning: Citation `Bellman1952' on page 22 undefined on input li
ne 1156.


LaTeX Warning: `h' float specifier changed to `ht'.


Package natbib Warning: Citation `Parr304782' on page 22 undefined on input lin
e 1253.

[22] [23]

Package hyperref Warning: Token not allowed in a PDF string (Unicode):
(hyperref)                removing `math shift' on input line 1265.


Package hyperref Warning: Token not allowed in a PDF string (Unicode):
(hyperref)                removing `math shift' on input line 1265.


Package natbib Warning: Citation `DeepAIwithMCMC' on page 24 undefined on input
 line 1271.


Package natbib Warning: Citation `dacosta2020relationship' on page 24 undefined
 on input line 1276.

[24]

Package hyperref Warning: Token not allowed in a PDF string (Unicode):
(hyperref)                removing `math shift' on input line 1300.


Package hyperref Warning: Token not allowed in a PDF string (Unicode):
(hyperref)                removing `math shift' on input line 1300.


Underfull \vbox (badness 10000) has occurred while \output is active []

 [25]
Underfull \vbox (badness 6741) has occurred while \output is active []

 [26]
<dqn_rewards.png, id=439, 1138.2525pt x 568.1225pt>
File: dqn_rewards.png Graphic file (type png)
<use dqn_rewards.png>
Package pdftex.def Info: dqn_rewards.png  used on input line 1421.
(pdftex.def)             Requested size: 341.4784pt x 170.43805pt.

[27]
<cka_figures/CKA_dqn_1_dqn_1.pdf, id=448, 867.24pt x 722.7pt>
File: cka_figures/CKA_dqn_1_dqn_1.pdf Graphic file (type pdf)
<use cka_figures/CKA_dqn_1_dqn_1.pdf>
Package pdftex.def Info: cka_figures/CKA_dqn_1_dqn_1.pdf  used on input line 14
32.
(pdftex.def)             Requested size: 278.69475pt x 232.25017pt.


Package natbib Warning: Citation `Bonheme2022' on page 28 undefined on input li
ne 1440.


Underfull \vbox (badness 2165) has occurred while \output is active []

 [28 <./dqn_rewards.png> <./cka_figures/CKA_dqn_1_dqn_1.pdf>]
<vae_vfe.png, id=489, 750.805pt x 540.0175pt>
File: vae_vfe.png Graphic file (type png)
<use vae_vfe.png>
Package pdftex.def Info: vae_vfe.png  used on input line 1445.
(pdftex.def)             Requested size: 300.31668pt x 216.00316pt.
<vae_reconstruction.png, id=490, 531.9875pt x 399.4925pt>
File: vae_reconstruction.png Graphic file (type png)
<use vae_reconstruction.png>
Package pdftex.def Info: vae_reconstruction.png  used on input line 1460.
(pdftex.def)             Requested size: 265.9931pt x 199.74576pt.
<cka_figures/CKA_vae_1_vae_1.pdf, id=491, 867.24pt x 722.7pt>
File: cka_figures/CKA_vae_1_vae_1.pdf Graphic file (type pdf)
<use cka_figures/CKA_vae_1_vae_1.pdf>
Package pdftex.def Info: cka_figures/CKA_vae_1_vae_1.pdf  used on input line 14
76.
(pdftex.def)             Requested size: 222.9524pt x 185.7913pt.
<cka_figures/CKA_dqn_1_vae_1.pdf, id=492, 867.24pt x 722.7pt>
File: cka_figures/CKA_dqn_1_vae_1.pdf Graphic file (type pdf)
<use cka_figures/CKA_dqn_1_vae_1.pdf>
Package pdftex.def Info: cka_figures/CKA_dqn_1_vae_1.pdf  used on input line 14
81.
(pdftex.def)             Requested size: 222.9524pt x 185.7913pt.

Underfull \vbox (badness 4013) has occurred while \output is active []

 [29 <./vae_vfe.png> <./vae_reconstruction.png>]
<hmm_vfe.png, id=509, 566.115pt x 389.455pt>
File: hmm_vfe.png Graphic file (type png)
<use hmm_vfe.png>
Package pdftex.def Info: hmm_vfe.png  used on input line 1498.
(pdftex.def)             Requested size: 317.02223pt x 218.0933pt.

Underfull \vbox (badness 10000) has occurred while \output is active []

 [30 <./cka_figures/CKA_vae_1_vae_1.pdf> <./cka_figures/CKA_dqn_1_vae_1.pdf>]
<hmm_reconstruction.png, id=587, 919.435pt x 689.57625pt>
File: hmm_reconstruction.png Graphic file (type png)
<use hmm_reconstruction.png>
Package pdftex.def Info: hmm_reconstruction.png  used on input line 1513.
(pdftex.def)             Requested size: 275.83263pt x 206.87447pt.
<cka_figures/CKA_hmm_1_hmm_1.pdf, id=588, 867.24pt x 722.7pt>
File: cka_figures/CKA_hmm_1_hmm_1.pdf Graphic file (type pdf)
<use cka_figures/CKA_hmm_1_hmm_1.pdf>
Package pdftex.def Info: cka_figures/CKA_hmm_1_hmm_1.pdf  used on input line 15
29.
(pdftex.def)             Requested size: 167.21855pt x 139.34348pt.
<cka_figures/CKA_hmm_1_vae_1.pdf, id=589, 867.24pt x 722.7pt>
File: cka_figures/CKA_hmm_1_vae_1.pdf Graphic file (type pdf)
<use cka_figures/CKA_hmm_1_vae_1.pdf>
Package pdftex.def Info: cka_figures/CKA_hmm_1_vae_1.pdf  used on input line 15
34.
(pdftex.def)             Requested size: 167.21855pt x 139.34348pt.
<cka_figures/CKA_dqn_1_hmm_1.pdf, id=590, 867.24pt x 722.7pt>
File: cka_figures/CKA_dqn_1_hmm_1.pdf Graphic file (type pdf)
<use cka_figures/CKA_dqn_1_hmm_1.pdf>
Package pdftex.def Info: cka_figures/CKA_dqn_1_hmm_1.pdf  used on input line 15
39.
(pdftex.def)             Requested size: 167.21855pt x 139.34348pt.
 [31 <./hmm_vfe.png> <./hmm_reconstruction.png>]
<chmm_rewards_eg.png, id=613, 889.3225pt x 628.3475pt>
File: chmm_rewards_eg.png Graphic file (type png)
<use chmm_rewards_eg.png>
Package pdftex.def Info: chmm_rewards_eg.png  used on input line 1565.
(pdftex.def)             Requested size: 266.7988pt x 188.50569pt.

Underfull \vbox (badness 10000) has occurred while \output is active []

 [32 <./cka_figures/CKA_hmm_1_hmm_1.pdf> <./cka_figures/CKA_hmm_1_vae_1.pdf> <.
/cka_figures/CKA_dqn_1_hmm_1.pdf>]
<chmm_rewards_s.png, id=736, 1160.335pt x 665.48625pt>
File: chmm_rewards_s.png Graphic file (type png)
<use chmm_rewards_s.png>
Package pdftex.def Info: chmm_rewards_s.png  used on input line 1581.
(pdftex.def)             Requested size: 348.10318pt x 199.64742pt.
<chmm_rewards_b.png, id=737, 1157.32375pt x 681.54625pt>
File: chmm_rewards_b.png Graphic file (type png)
<use chmm_rewards_b.png>
Package pdftex.def Info: chmm_rewards_b.png  used on input line 1589.
(pdftex.def)             Requested size: 347.1998pt x 204.46545pt.

Underfull \vbox (badness 10000) has occurred while \output is active []

 [33 <./chmm_rewards_eg.png> <./chmm_rewards_s.png>]
<chmm_vfe_eg.png, id=744, 1115.16624pt x 636.3775pt>
File: chmm_vfe_eg.png Graphic file (type png)
<use chmm_vfe_eg.png>
Package pdftex.def Info: chmm_vfe_eg.png  used on input line 1604.
(pdftex.def)             Requested size: 390.31404pt x 222.73546pt.
<chmm_reconstruction.png, id=745, 558.085pt x 650.43pt>
File: chmm_reconstruction.png Graphic file (type png)
<use chmm_reconstruction.png>
Package pdftex.def Info: chmm_reconstruction.png  used on input line 1638.
(pdftex.def)             Requested size: 167.42679pt x 195.1305pt.

Underfull \vbox (badness 10000) has occurred while \output is active []

 [34 <./chmm_rewards_b.png> <./chmm_vfe_eg.png>]
<cka_figures/CKA_dqn_1_chmm_73.pdf, id=756, 867.24pt x 722.7pt>
File: cka_figures/CKA_dqn_1_chmm_73.pdf Graphic file (type pdf)
<use cka_figures/CKA_dqn_1_chmm_73.pdf>
Package pdftex.def Info: cka_figures/CKA_dqn_1_chmm_73.pdf  used on input line 
1660.
(pdftex.def)             Requested size: 167.21855pt x 139.34348pt.
<cka_figures/CKA_dqn_1_chmm_77.pdf, id=757, 867.24pt x 722.7pt>
File: cka_figures/CKA_dqn_1_chmm_77.pdf Graphic file (type pdf)
<use cka_figures/CKA_dqn_1_chmm_77.pdf>
Package pdftex.def Info: cka_figures/CKA_dqn_1_chmm_77.pdf  used on input line 
1665.
(pdftex.def)             Requested size: 167.21855pt x 139.34348pt.

Underfull \vbox (badness 10000) has occurred while \output is active []

 [35 <./chmm_reconstruction.png>]
<cka_figures/CKA_chmm_73_chmm_73.pdf, id=765, 867.24pt x 722.7pt>
File: cka_figures/CKA_chmm_73_chmm_73.pdf Graphic file (type pdf)
<use cka_figures/CKA_chmm_73_chmm_73.pdf>
Package pdftex.def Info: cka_figures/CKA_chmm_73_chmm_73.pdf  used on input lin
e 1677.
(pdftex.def)             Requested size: 167.21855pt x 139.34348pt.
<cka_figures/CKA_chmm_77_chmm_77.pdf, id=766, 867.24pt x 722.7pt>
File: cka_figures/CKA_chmm_77_chmm_77.pdf Graphic file (type pdf)
<use cka_figures/CKA_chmm_77_chmm_77.pdf>
Package pdftex.def Info: cka_figures/CKA_chmm_77_chmm_77.pdf  used on input lin
e 1682.
(pdftex.def)             Requested size: 167.21855pt x 139.34348pt.
<cka_figures/CKA_chmm_73_chmm_77.pdf, id=767, 867.24pt x 722.7pt>
File: cka_figures/CKA_chmm_73_chmm_77.pdf Graphic file (type pdf)
<use cka_figures/CKA_chmm_73_chmm_77.pdf>
Package pdftex.def Info: cka_figures/CKA_chmm_73_chmm_77.pdf  used on input lin
e 1687.
(pdftex.def)             Requested size: 167.21855pt x 139.34348pt.
<cka_figures/CKA_chmm_127_chmm_127.pdf, id=771, 867.24pt x 722.7pt>
File: cka_figures/CKA_chmm_127_chmm_127.pdf Graphic file (type pdf)
<use cka_figures/CKA_chmm_127_chmm_127.pdf>
Package pdftex.def Info: cka_figures/CKA_chmm_127_chmm_127.pdf  used on input l
ine 1705.
(pdftex.def)             Requested size: 167.21855pt x 139.34348pt.
<cka_figures/CKA_chmm_131_chmm_131.pdf, id=772, 867.24pt x 722.7pt>
File: cka_figures/CKA_chmm_131_chmm_131.pdf Graphic file (type pdf)
<use cka_figures/CKA_chmm_131_chmm_131.pdf>
Package pdftex.def Info: cka_figures/CKA_chmm_131_chmm_131.pdf  used on input l
ine 1710.
(pdftex.def)             Requested size: 167.21855pt x 139.34348pt.
<cka_figures/CKA_chmm_127_chmm_131.pdf, id=773, 867.24pt x 722.7pt>
File: cka_figures/CKA_chmm_127_chmm_131.pdf Graphic file (type pdf)
<use cka_figures/CKA_chmm_127_chmm_131.pdf>
Package pdftex.def Info: cka_figures/CKA_chmm_127_chmm_131.pdf  used on input l
ine 1715.
(pdftex.def)             Requested size: 167.21855pt x 139.34348pt.

Underfull \vbox (badness 10000) has occurred while \output is active []

 [36 <./cka_figures/CKA_dqn_1_chmm_73.pdf> <./cka_figures/CKA_dqn_1_chmm_77.pdf
> <./cka_figures/CKA_chmm_73_chmm_73.pdf> <./cka_figures/CKA_chmm_77_chmm_77.pd
f> <./cka_figures/CKA_chmm_73_chmm_77.pdf>]
<cka_figures/chmm_127_Transition_variance.pdf, id=1019, 722.7pt x 722.7pt>
File: cka_figures/chmm_127_Transition_variance.pdf Graphic file (type pdf)
<use cka_figures/chmm_127_Transition_variance.pdf>
Package pdftex.def Info: cka_figures/chmm_127_Transition_variance.pdf  used on 
input line 1730.
(pdftex.def)             Requested size: 225.74207pt x 225.74394pt.
<cka_figures/chmm_131_Transition_variance.pdf, id=1020, 730.64969pt x 722.7pt>
File: cka_figures/chmm_131_Transition_variance.pdf Graphic file (type pdf)
<use cka_figures/chmm_131_Transition_variance.pdf>
Package pdftex.def Info: cka_figures/chmm_131_Transition_variance.pdf  used on 
input line 1735.
(pdftex.def)             Requested size: 222.9524pt x 220.52794pt.
 [37 <./cka_figures/CKA_chmm_127_chmm_127.pdf> <./cka_figures/CKA_chmm_131_chmm
_131.pdf> <./cka_figures/CKA_chmm_127_chmm_131.pdf> <./cka_figures/chmm_127_Tra
nsition_variance.pdf> <./cka_figures/chmm_131_Transition_variance.pdf

pdfTeX warning: /usr/bin/pdflatex (file ./cka_figures/chmm_131_Transition_varia
nce.pdf): PDF inclusion: multiple pdfs with page group included in a single pag
e
>]
<cka_figures/CKA_chmm_109_chmm_109.pdf, id=1180, 867.24pt x 722.7pt>
File: cka_figures/CKA_chmm_109_chmm_109.pdf Graphic file (type pdf)
<use cka_figures/CKA_chmm_109_chmm_109.pdf>
Package pdftex.def Info: cka_figures/CKA_chmm_109_chmm_109.pdf  used on input l
ine 1751.
(pdftex.def)             Requested size: 167.21855pt x 139.34348pt.
<cka_figures/CKA_chmm_113_chmm_113.pdf, id=1181, 867.24pt x 722.7pt>
File: cka_figures/CKA_chmm_113_chmm_113.pdf Graphic file (type pdf)
<use cka_figures/CKA_chmm_113_chmm_113.pdf>
Package pdftex.def Info: cka_figures/CKA_chmm_113_chmm_113.pdf  used on input l
ine 1756.
(pdftex.def)             Requested size: 167.21855pt x 139.34348pt.
<cka_figures/CKA_chmm_109_chmm_113.pdf, id=1182, 867.24pt x 722.7pt>
File: cka_figures/CKA_chmm_109_chmm_113.pdf Graphic file (type pdf)
<use cka_figures/CKA_chmm_109_chmm_113.pdf>
Package pdftex.def Info: cka_figures/CKA_chmm_109_chmm_113.pdf  used on input l
ine 1761.
(pdftex.def)             Requested size: 167.21855pt x 139.34348pt.
<cka_figures/chmm_109_Transition_variance.pdf, id=1183, 867.24pt x 722.7pt>
File: cka_figures/chmm_109_Transition_variance.pdf Graphic file (type pdf)
<use cka_figures/chmm_109_Transition_variance.pdf>
Package pdftex.def Info: cka_figures/chmm_109_Transition_variance.pdf  used on 
input line 1773.
(pdftex.def)             Requested size: 261.97374pt x 218.3114pt.
<cka_figures/chmm_113_Transition_variance.pdf, id=1184, 722.7pt x 722.7pt>
File: cka_figures/chmm_113_Transition_variance.pdf Graphic file (type pdf)
<use cka_figures/chmm_113_Transition_variance.pdf>
Package pdftex.def Info: cka_figures/chmm_113_Transition_variance.pdf  used on 
input line 1778.
(pdftex.def)             Requested size: 222.9524pt x 222.95398pt.

Underfull \vbox (badness 10000) has occurred while \output is active []

 [38 <./cka_figures/CKA_chmm_109_chmm_109.pdf> <./cka_figures/CKA_chmm_113_chmm
_113.pdf> <./cka_figures/CKA_chmm_109_chmm_113.pdf> <./cka_figures/chmm_109_Tra
nsition_variance.pdf> <./cka_figures/chmm_113_Transition_variance.pdf

pdfTeX warning: /usr/bin/pdflatex (file ./cka_figures/chmm_113_Transition_varia
nce.pdf): PDF inclusion: multiple pdfs with page group included in a single pag
e
>]
<ActionPicked_efe_3.pdf, id=1354, 416.99791pt x 314.37451pt>
File: ActionPicked_efe_3.pdf Graphic file (type pdf)
<use ActionPicked_efe_3.pdf>
Package pdftex.def Info: ActionPicked_efe_3.pdf  used on input line 1801.
(pdftex.def)             Requested size: 222.9524pt x 168.08556pt.
<EntropyPriorActions_efe_3.pdf, id=1355, 462.52798pt x 346.89601pt>
File: EntropyPriorActions_efe_3.pdf Graphic file (type pdf)
<use EntropyPriorActions_efe_3.pdf>
Package pdftex.def Info: EntropyPriorActions_efe_3.pdf  used on input line 1806
.
(pdftex.def)             Requested size: 222.9524pt x 167.21747pt.
<ActionPicked_reward.pdf, id=1356, 462.52798pt x 346.89601pt>
File: ActionPicked_reward.pdf Graphic file (type pdf)
<use ActionPicked_reward.pdf>
Package pdftex.def Info: ActionPicked_reward.pdf  used on input line 1811.
(pdftex.def)             Requested size: 222.9524pt x 167.21747pt.
<EntropyPriorActions_reward.pdf, id=1357, 462.52798pt x 346.89601pt>
File: EntropyPriorActions_reward.pdf Graphic file (type pdf)
<use EntropyPriorActions_reward.pdf>
Package pdftex.def Info: EntropyPriorActions_reward.pdf  used on input line 181
6.
(pdftex.def)             Requested size: 222.9524pt x 167.21747pt.
 [39 <./ActionPicked_efe_3.pdf> <./EntropyPriorActions_efe_3.pdf> <./ActionPick
ed_reward.pdf> <./EntropyPriorActions_reward.pdf>]
<IG_progressive.png, id=1468, 1003.75pt x 608.2725pt>
File: IG_progressive.png Graphic file (type png)
<use IG_progressive.png>
Package pdftex.def Info: IG_progressive.png  used on input line 1844.
(pdftex.def)             Requested size: 278.69475pt x 168.88579pt.
 [40 <./IG_progressive.png>]
<DAI_reconstruction.png, id=1490, 1161.33875pt x 871.255pt>
File: DAI_reconstruction.png Graphic file (type png)
<use DAI_reconstruction.png>
Package pdftex.def Info: DAI_reconstruction.png  used on input line 1889.
(pdftex.def)             Requested size: 255.49532pt x 191.6767pt.
<DAI_rewards.png, id=1491, 720.6925pt x 431.6125pt>
File: DAI_rewards.png Graphic file (type png)
<use DAI_rewards.png>
Package pdftex.def Info: DAI_rewards.png  used on input line 1909.
(pdftex.def)             Requested size: 288.2719pt x 172.64194pt.
<DAI_vfe.png, id=1492, 773.89125pt x 616.3025pt>
File: DAI_vfe.png Graphic file (type png)
<use DAI_vfe.png>
Package pdftex.def Info: DAI_vfe.png  used on input line 1924.
(pdftex.def)             Requested size: 309.55101pt x 246.51663pt.

Underfull \vbox (badness 10000) has occurred while \output is active []

 [41 <./DAI_reconstruction.png> <./DAI_rewards.png>]
<cka_figures/CKA_dqn_1_chmm_109.pdf, id=1500, 867.24pt x 722.7pt>
File: cka_figures/CKA_dqn_1_chmm_109.pdf Graphic file (type pdf)
<use cka_figures/CKA_dqn_1_chmm_109.pdf>
Package pdftex.def Info: cka_figures/CKA_dqn_1_chmm_109.pdf  used on input line
 1937.
(pdftex.def)             Requested size: 167.21855pt x 139.34348pt.
<cka_figures/CKA_dqn_1_dai_145.pdf, id=1501, 867.24pt x 722.7pt>
File: cka_figures/CKA_dqn_1_dai_145.pdf Graphic file (type pdf)
<use cka_figures/CKA_dqn_1_dai_145.pdf>
Package pdftex.def Info: cka_figures/CKA_dqn_1_dai_145.pdf  used on input line 
1942.
(pdftex.def)             Requested size: 167.21855pt x 139.34348pt.
<cka_figures/CKA_chmm_109_dai_145.pdf, id=1502, 867.24pt x 722.7pt>
File: cka_figures/CKA_chmm_109_dai_145.pdf Graphic file (type pdf)
<use cka_figures/CKA_chmm_109_dai_145.pdf>
Package pdftex.def Info: cka_figures/CKA_chmm_109_dai_145.pdf  used on input li
ne 1947.
(pdftex.def)             Requested size: 167.21855pt x 139.34348pt.


Package natbib Warning: Citation `DeepAIwithMCMC' on page 42 undefined on input
 line 1959.


Package natbib Warning: Citation `DeepAI' on page 42 undefined on input line 19
59.


Package natbib Warning: Citation `rood2020deep' on page 42 undefined on input l
ine 1959.


Package natbib Warning: Citation `sancaktar2020endtoend' on page 42 undefined o
n input line 1959.


Package natbib Warning: Citation `DAI_Kai' on page 42 undefined on input line 1
959.


Package natbib Warning: Citation `DAI_POMDP' on page 42 undefined on input line
 1959.


Package natbib Warning: Citation `ccatal2020learning' on page 42 undefined on i
nput line 1959.


Package natbib Warning: Citation `schneider2022active' on page 42 undefined on 
input line 1959.


Package natbib Warning: Citation `schneider2022active' on page 42 undefined on 
input line 1961.


Package natbib Warning: Citation `DeepAIwithMCMC' on page 42 undefined on input
 line 1961.


Package natbib Warning: Citation `DeepAI' on page 42 undefined on input line 19
61.


Package natbib Warning: Citation `rood2020deep' on page 42 undefined on input l
ine 1961.


Package natbib Warning: Citation `sancaktar2020endtoend' on page 42 undefined o
n input line 1961.


Package natbib Warning: Citation `DAI_Kai' on page 42 undefined on input line 1
961.


Package natbib Warning: Citation `DAI_POMDP' on page 42 undefined on input line
 1961.


Package natbib Warning: Citation `ccatal2020learning' on page 42 undefined on i
nput line 1961.

[42 <./DAI_vfe.png> <./cka_figures/CKA_dqn_1_chmm_109.pdf> <./cka_figures/CKA_d
qn_1_dai_145.pdf> <./cka_figures/CKA_chmm_109_dai_145.pdf>] [43]
No file Challenges_28_10_2022.bbl.

Overfull \hbox (9.96715pt too wide) in paragraph at lines 2004--2093
 [][] 
 []


Underfull \vbox (badness 10000) has occurred while \output is active []

 [44]
Overfull \vbox (12.7881pt too high) has occurred while \output is active []


[45] [46]

Package natbib Warning: Citation `DeepAIwithMCMC' on page 47 undefined on input
 line 2123.


Package natbib Warning: Citation `DeepAIwithMCMC' on page 47 undefined on input
 line 2190.


Package natbib Warning: Citation `DeepAIwithMCMC' on page 47 undefined on input
 line 2190.


LaTeX Warning: Float too large for page by 3.28105pt on input line 2192.

<dSprites_reward_encoding.png, id=1700, 1140.26pt x 311.1625pt>
File: dSprites_reward_encoding.png Graphic file (type png)
<use dSprites_reward_encoding.png>
Package pdftex.def Info: dSprites_reward_encoding.png  used on input line 2197.

(pdftex.def)             Requested size: 456.09592pt x 124.46278pt.

Package natbib Warning: There were undefined citations.

[47] [48] [49 <./dSprites_reward_encoding.png>] (./Challenges_28_10_2022.aux)

LaTeX Font Warning: Some font shapes were not available, defaults substituted.


LaTeX Warning: There were multiply-defined labels.


Package rerunfilecheck Warning: File `Challenges_28_10_2022.out' has changed.
(rerunfilecheck)                Rerun to get outlines right
(rerunfilecheck)                or use package `bookmark'.

Package rerunfilecheck Info: Checksums for `Challenges_28_10_2022.out':
(rerunfilecheck)             Before: 19104A236920EDA6C291CB7EB5E502CD;8240
(rerunfilecheck)             After:  21B36CB67B1931F7B3F527E1BE8C21A2;8225.
 ) 
Here is how much of TeX's memory you used:
 41713 strings out of 478287
 970457 string characters out of 5849288
 1472771 words of memory out of 5000000
 59000 multiletter control sequences out of 15000+600000
 492332 words of font info for 115 fonts, out of 8000000 for 9000
 1141 hyphenation exceptions out of 8191
 85i,26n,90p,2898b,1171s stack positions out of 5000i,500n,10000p,200000b,80000s
{/usr/share/texmf/fonts/enc/dvips/cm-super/cm-super-ts1.enc}</usr/share/texli
ve/texmf-dist/fonts/type1/public/amsfonts/cm/cmbsy10.pfb></usr/share/texlive/te
xmf-dist/fonts/type1/public/amsfonts/cm/cmbx10.pfb></usr/share/texlive/texmf-di
st/fonts/type1/public/amsfonts/cm/cmbx12.pfb></usr/share/texlive/texmf-dist/fon
ts/type1/public/amsfonts/cm/cmbx8.pfb></usr/share/texlive/texmf-dist/fonts/type
1/public/amsfonts/cm/cmcsc10.pfb></usr/share/texlive/texmf-dist/fonts/type1/pub
lic/amsfonts/cm/cmex10.pfb></usr/share/texlive/texmf-dist/fonts/type1/public/am
sfonts/cm/cmmi10.pfb></usr/share/texlive/texmf-dist/fonts/type1/public/amsfonts
/cm/cmmi12.pfb></usr/share/texlive/texmf-dist/fonts/type1/public/amsfonts/cm/cm
mi6.pfb></usr/share/texlive/texmf-dist/fonts/type1/public/amsfonts/cm/cmmi7.pfb
></usr/share/texlive/texmf-dist/fonts/type1/public/amsfonts/cm/cmmi8.pfb></usr/
share/texlive/texmf-dist/fonts/type1/public/amsfonts/cm/cmmi9.pfb></usr/share/t
exlive/texmf-dist/fonts/type1/public/amsfonts/cm/cmmib10.pfb></usr/share/texliv
e/texmf-dist/fonts/type1/public/amsfonts/cmextra/cmmib6.pfb></usr/share/texlive
/texmf-dist/fonts/type1/public/amsfonts/cmextra/cmmib8.pfb></usr/share/texlive/
texmf-dist/fonts/type1/public/amsfonts/cm/cmr10.pfb></usr/share/texlive/texmf-d
ist/fonts/type1/public/amsfonts/cm/cmr12.pfb></usr/share/texlive/texmf-dist/fon
ts/type1/public/amsfonts/cm/cmr6.pfb></usr/share/texlive/texmf-dist/fonts/type1
/public/amsfonts/cm/cmr8.pfb></usr/share/texlive/texmf-dist/fonts/type1/public/
amsfonts/cm/cmr9.pfb></usr/share/texlive/texmf-dist/fonts/type1/public/amsfonts
/cm/cmsy10.pfb></usr/share/texlive/texmf-dist/fonts/type1/public/amsfonts/cm/cm
sy6.pfb></usr/share/texlive/texmf-dist/fonts/type1/public/amsfonts/cm/cmsy7.pfb
></usr/share/texlive/texmf-dist/fonts/type1/public/amsfonts/cm/cmsy8.pfb></usr/
share/texlive/texmf-dist/fonts/type1/public/amsfonts/cm/cmsy9.pfb></usr/share/t
exlive/texmf-dist/fonts/type1/public/amsfonts/cm/cmti10.pfb></usr/share/texlive
/texmf-dist/fonts/type1/public/amsfonts/cm/cmtt10.pfb></usr/share/texlive/texmf
-dist/fonts/type1/public/amsfonts/cm/cmtt8.pfb></usr/share/texlive/texmf-dist/f
onts/type1/public/amsfonts/symbols/msbm10.pfb></usr/share/texmf/fonts/type1/pub
lic/cm-super/sfrm0800.pfb>
Output written on Challenges_28_10_2022.pdf (49 pages, 1759412 bytes).
PDF statistics:
 1878 PDF objects out of 2073 (max. 8388607)
 854 compressed objects within 9 object streams
 159 named destinations out of 1000 (max. 500000)
 545 words of extra memory for PDF output out of 10000 (max. 10000000)

