\BOOKMARK [1][-]{section.1}{\376\377\000I\000n\000t\000r\000o\000d\000u\000c\000t\000i\000o\000n}{}% 1
\BOOKMARK [1][-]{section.2}{\376\377\000R\000e\000v\000i\000e\000w\000\040\000o\000f\000\040\000e\000x\000i\000s\000t\000i\000n\000g\000\040\000r\000e\000s\000e\000a\000r\000c\000h}{}% 2
\BOOKMARK [2][-]{subsection.2.1}{\376\377\000D\000Q\000N\000\040\000a\000g\000e\000n\000t\000\040\000D\000e\000e\000p\000R\000L}{section.2}% 3
\BOOKMARK [2][-]{subsection.2.2}{\376\377\000D\000A\000I\000M\000C\000\040\000a\000g\000e\000n\000t\000\040\000D\000e\000e\000p\000A\000I\000w\000i\000t\000h\000M\000C\000M\000C}{section.2}% 4
\BOOKMARK [3][-]{subsubsection.2.2.1}{\376\377\000T\000h\000e\000\040\000M\000o\000n\000t\000e\000-\000C\000a\000r\000l\000o\000\040\000t\000r\000e\000e\000\040\000s\000e\000a\000r\000c\000h}{subsection.2.2}% 5
\BOOKMARK [3][-]{subsubsection.2.2.2}{\376\377\000D\000e\000r\000i\000v\000a\000t\000i\000o\000n\000\040\000o\000f\000\040\000t\000h\000e\000\040\000v\000a\000r\000i\000a\000t\000i\000o\000n\000a\000l\000\040\000f\000r\000e\000e\000\040\000e\000n\000e\000r\000g\000y}{subsection.2.2}% 6
\BOOKMARK [3][-]{subsubsection.2.2.3}{\376\377\000I\000n\000d\000e\000p\000e\000n\000d\000e\000n\000c\000e\000\040\000a\000s\000s\000u\000m\000p\000t\000i\000o\000n\000s\000\040\000a\000n\000d\000\040\000t\000h\000e\000\040\000e\000x\000p\000e\000c\000t\000e\000d\000\040\000f\000r\000e\000e\000\040\000e\000n\000e\000r\000g\000y}{subsection.2.2}% 7
\BOOKMARK [0][-]{equation.2.6}{\376\377\000R\000e\000-\000a\000r\000r\000a\000n\000g\000i\000n\000g\000\040\000t\000h\000e\000\040\000s\000e\000c\000o\000n\000d\000\040\000t\000e\000r\000m\000\040\000o\000f\000\040\000E\000q\000u\000a\000t\000i\000o\000n\000\040\000\050\000?\000?\000\051\000\040\000a\000c\000c\000o\000r\000d\000i\000n\000g\000\040\000t\000o\000\040\000D\000e\000e\000p\000A\000I\000w\000i\000t\000h\000M\000C\000M\000C}{}% 8
\BOOKMARK [0][-]{equation.2.7}{\376\377\000A\000l\000t\000e\000r\000n\000a\000t\000i\000v\000e\000\040\000d\000e\000r\000i\000v\000a\000t\000i\000o\000n\000\040\000o\000f\000\040\000t\000h\000e\000\040\000s\000e\000c\000o\000n\000d\000\040\000t\000e\000r\000m\000\040\000o\000f\000\040\000E\000q\000u\000a\000t\000i\000o\000n\000\040\000\050\000?\000?\000\051}{}% 9
\BOOKMARK [0][-]{equation.2.7}{\376\377\000R\000e\000-\000a\000r\000r\000a\000n\000g\000i\000n\000g\000\040\000t\000h\000e\000\040\000t\000h\000i\000r\000d\000\040\000t\000e\000r\000m\000\040\000o\000f\000\040\000E\000q\000u\000a\000t\000i\000o\000n\000\040\000\050\000?\000?\000\051\000\040\000f\000r\000o\000m\000\040\000D\000e\000e\000p\000A\000I\000w\000i\000t\000h\000M\000C\000M\000C}{}% 10
\BOOKMARK [0][-]{equation.2.7}{\376\377\000T\000h\000e\000\040\000E\000F\000E\000\040\000f\000r\000o\000m\000\040\000D\000e\000e\000p\000A\000I\000w\000i\000t\000h\000M\000C\000M\000C}{}% 11
\BOOKMARK [0][-]{equation.2.8}{\376\377\000O\000u\000r\000\040\000p\000r\000o\000p\000o\000s\000e\000d\000\040\000a\000l\000t\000e\000r\000n\000a\000t\000i\000v\000e\000\040\000t\000o\000\040\000t\000h\000e\000\040\000E\000F\000E}{}% 12
\BOOKMARK [1][-]{subsection.2.3}{\376\377\000D\000A\000I\000V\000P\000G\000\040\000a\000g\000e\000n\000t\000\040\000D\000e\000e\000p\000A\000I}{equation.2.8}% 13
\BOOKMARK [2][-]{subsection.2.4}{\376\377\000D\000A\000I\000R\000H\000I\000\040\000a\000g\000e\000n\000t\000\040\000r\000o\000o\000d\0002\0000\0002\0000\000d\000e\000e\000p}{subsection.2.3}% 14
\BOOKMARK [2][-]{subsection.2.5}{\376\377\000D\000A\000I\000H\000R\000\040\000a\000g\000e\000n\000t\000\040\000s\000a\000n\000c\000a\000k\000t\000a\000r\0002\0000\0002\0000\000e\000n\000d\000t\000o\000e\000n\000d\000,\000D\000A\000I\000H\000R\000,\000D\000A\000I\000H\000R\0002}{subsection.2.3}% 15
\BOOKMARK [2][-]{subsection.2.6}{\376\377\000D\000A\000I\000F\000A\000\040\000a\000g\000e\000n\000t\000\040\000D\000A\000I\000K\000a\000i}{subsection.2.3}% 16
\BOOKMARK [2][-]{subsection.2.7}{\376\377\000D\000A\000I\000P\000O\000M\000D\000P\000\040\000a\000g\000e\000n\000t\000\040\000D\000A\000I\000P\000O\000M\000D\000P}{subsection.2.3}% 17
\BOOKMARK [2][-]{subsection.2.8}{\376\377\000D\000A\000I\000S\000S\000M\000\040\000a\000g\000e\000n\000t\000\040\000D\000A\000I\000P\000O\000M\000D\000P}{subsection.2.3}% 18
\BOOKMARK [2][-]{subsection.2.9}{\376\377\000U\000n\000a\000v\000a\000i\000l\000a\000b\000l\000e\000\040\000c\000o\000d\000e}{subsection.2.3}% 19
\BOOKMARK [2][-]{subsection.2.10}{\376\377\000R\000e\000p\000r\000e\000s\000e\000n\000t\000a\000t\000i\000o\000n\000a\000l\000\040\000s\000i\000m\000i\000l\000a\000r\000i\000t\000y\000\040\000w\000i\000t\000h\000\040\000c\000e\000n\000t\000e\000r\000e\000d\000\040\000k\000e\000r\000n\000e\000l\000\040\000a\000l\000i\000g\000n\000m\000e\000n\000t}{subsection.2.3}% 20
\BOOKMARK [1][-]{section.3}{\376\377\000I\000n\000c\000r\000e\000m\000e\000n\000t\000a\000l\000l\000y\000\040\000b\000u\000i\000l\000d\000i\000n\000g\000\040\000a\000\040\000d\000e\000e\000p\000\040\000a\000c\000t\000i\000v\000e\000\040\000i\000n\000f\000e\000r\000e\000n\000c\000e\000\040\000a\000g\000e\000n\000t}{equation.2.8}% 21
\BOOKMARK [2][-]{subsection.3.1}{\376\377\000d\000S\000p\000r\000i\000t\000e\000s\000\040\000e\000n\000v\000i\000r\000o\000n\000m\000e\000n\000t}{section.3}% 22
\BOOKMARK [2][-]{subsection.3.2}{\376\377\000A\000g\000e\000n\000t\000-\000e\000n\000v\000i\000r\000o\000n\000m\000e\000n\000t\000\040\000i\000n\000t\000e\000r\000a\000c\000t\000i\000o\000n}{section.3}% 23
\BOOKMARK [2][-]{subsection.3.3}{\376\377\000V\000a\000r\000i\000a\000t\000i\000o\000n\000a\000l\000\040\000a\000u\000t\000o\000-\000e\000n\000c\000o\000d\000e\000r}{section.3}% 24
\BOOKMARK [2][-]{subsection.3.4}{\376\377\000D\000e\000e\000p\000\040\000h\000i\000d\000d\000e\000n\000\040\000M\000a\000r\000k\000o\000v\000\040\000m\000o\000d\000e\000l}{section.3}% 25
\BOOKMARK [2][-]{subsection.3.5}{\376\377\000D\000e\000e\000p\000\040\000c\000r\000i\000t\000i\000c\000a\000l\000\040\000H\000M\000M}{section.3}% 26
\BOOKMARK [3][-]{subsubsection.3.5.1}{\376\377\000E\000x\000p\000e\000c\000t\000e\000d\000\040\000f\000r\000e\000e\000\040\000e\000n\000e\000r\000g\000y}{subsection.3.5}% 27
\BOOKMARK [3][-]{subsubsection.3.5.2}{\376\377\000A\000\040\000p\000r\000i\000n\000c\000i\000p\000l\000e\000d\000\040\000e\000s\000t\000i\000m\000a\000t\000e\000\040\000o\000f\000\040\000t\000h\000e\000\040\000E\000F\000E\000\040\000a\000t\000\040\000t\000i\000m\000e\000\040\000t\000\040\000+\000\040\0001\000?}{subsection.3.5}% 28
\BOOKMARK [3][-]{subsubsection.3.5.3}{\376\377\000O\000t\000h\000e\000r\000\040\000d\000e\000f\000i\000n\000i\000t\000i\000o\000n\000s\000\040\000o\000f\000\040\000t\000h\000e\000\040\000E\000F\000E\000\040\000a\000t\000\040\000t\000i\000m\000e\000\040\000t\000\040\000+\000\040\0001}{subsection.3.5}% 29
\BOOKMARK [2][-]{subsection.3.6}{\376\377\000D\000e\000e\000p\000\040\000A\000c\000t\000i\000v\000e\000\040\000I\000n\000f\000e\000r\000e\000n\000c\000e}{section.3}% 30
\BOOKMARK [1][-]{section.4}{\376\377\000R\000e\000s\000u\000l\000t\000s}{equation.2.8}% 31
\BOOKMARK [2][-]{subsection.4.1}{\376\377\000D\000Q\000N\000\040\000a\000g\000e\000n\000t}{section.4}% 32
\BOOKMARK [2][-]{subsection.4.2}{\376\377\000V\000A\000E\000\040\000a\000g\000e\000n\000t}{section.4}% 33
\BOOKMARK [2][-]{subsection.4.3}{\376\377\000H\000M\000M\000\040\000a\000g\000e\000n\000t}{section.4}% 34
\BOOKMARK [2][-]{subsection.4.4}{\376\377\000C\000H\000M\000M\000\040\000a\000g\000e\000n\000t}{section.4}% 35
\BOOKMARK [3][-]{subsubsection.4.4.1}{\376\377\000H\000o\000w\000\040\000d\000o\000\040\000C\000H\000M\000M\000s\000\040\000l\000e\000a\000r\000n\000?}{subsection.4.4}% 36
\BOOKMARK [3][-]{subsubsection.4.4.2}{\376\377\000D\000e\000g\000e\000n\000e\000r\000a\000t\000e\000\040\000b\000e\000h\000a\000v\000i\000o\000u\000r\000\040\000w\000i\000t\000h\000\040\000t\000h\000e\000\040\000e\000x\000p\000e\000c\000t\000e\000d\000\040\000f\000r\000e\000e\000\040\000e\000n\000e\000r\000g\000y\000?}{subsection.4.4}% 37
\BOOKMARK [2][-]{subsection.4.5}{\376\377\000D\000A\000I\000\040\000a\000g\000e\000n\000t}{section.4}% 38
\BOOKMARK [1][-]{section.5}{\376\377\000C\000o\000n\000c\000l\000u\000s\000i\000o\000n}{equation.2.8}% 39
